#
# There is insufficient memory for the Java Runtime Environment to continue.
# Native memory allocation (malloc) failed to allocate 93296 bytes for Chunk::new
# Possible reasons:
#   The system is out of physical RAM or swap space
#   The process is running with CompressedOops enabled, and the Java Heap may be blocking the growth of the native heap
# Possible solutions:
#   Reduce memory load on the system
#   Increase physical memory or swap space
#   Check if swap backing store is full
#   Decrease Java heap size (-Xmx/-Xms)
#   Decrease number of Java threads
#   Decrease Java thread stack sizes (-Xss)
#   Set larger code cache with -XX:ReservedCodeCacheSize=
#   JVM is running with Zero Based Compressed Oops mode in which the Java heap is
#     placed in the first 32GB address space. The Java Heap base address is the
#     maximum limit for the native heap growth. Please use -XX:HeapBaseMinAddress
#     to set the Java Heap base and to place the Java Heap above 32GB virtual address.
# This output file may be truncated or incomplete.
#
#  Out of Memory Error (./open/src/hotspot/share/memory/arena.cpp:195), pid=17716, tid=16844
#
# JRE version: OpenJDK Runtime Environment (14.0.2+12) (build 14.0.2+12-46)
# Java VM: OpenJDK 64-Bit Server VM (14.0.2+12-46, mixed mode, sharing, tiered, compressed oops, g1 gc, windows-amd64)
# No core dump will be written. Minidumps are not enabled by default on client versions of Windows
#

---------------  S U M M A R Y ------------

Command Line: -javaagent:D:\SWEN20003 OOSD\IntelliJ IDEA Community Edition 2020.3.2\lib\idea_rt.jar=50671:D:\SWEN20003 OOSD\IntelliJ IDEA Community Edition 2020.3.2\bin -Dfile.encoding=UTF-8 ShadowTreasure

Host: Intel(R) Core(TM) i7-6700HQ CPU @ 2.60GHz, 8 cores, 19G,  Windows 10 , 64 bit Build 18362 (10.0.18362.1082)
Time: Fri Apr  9 19:42:10 2021 Malay Peninsula Standard Time elapsed time: 0 seconds (0d 0h 0m 0s)

---------------  T H R E A D  ---------------

Current thread (0x000002d1dd914800):  JavaThread "C2 CompilerThread0" daemon [_thread_in_native, id=16844, stack(0x000000d43fb00000,0x000000d43fc00000)]


Current CompileTask:
C2:    301  160       4       java.util.HashMap::putVal (300 bytes)

Stack: [0x000000d43fb00000,0x000000d43fc00000]
Native frames: (J=compiled Java code, j=interpreted, Vv=VM code, C=native code)
V  [jvm.dll+0x5f8a9a]
V  [jvm.dll+0x74247a]
V  [jvm.dll+0x743c2f]
V  [jvm.dll+0x744273]
V  [jvm.dll+0x20d288]
V  [jvm.dll+0xabb07]
V  [jvm.dll+0xac1fc]
V  [jvm.dll+0x31c438]
V  [jvm.dll+0x18cc10]
V  [jvm.dll+0x1e5efa]
V  [jvm.dll+0x1e50b8]
V  [jvm.dll+0x1779cc]
V  [jvm.dll+0x1f4105]
V  [jvm.dll+0x1f22eb]
V  [jvm.dll+0x7070cd]
V  [jvm.dll+0x6ffeda]
V  [jvm.dll+0x5f78f6]
C  [ucrtbase.dll+0x20e82]
C  [KERNEL32.DLL+0x17bd4]
C  [ntdll.dll+0x6ce51]


---------------  P R O C E S S  ---------------

Threads class SMR info:
_java_thread_list=0x000002d1dd9fdb40, length=11, elements={
0x000002d1b4d23800, 0x000002d1dd018800, 0x000002d1dd01a000, 0x000002d1dd90e000,
0x000002d1dd911000, 0x000002d1dd912800, 0x000002d1dd914800, 0x000002d1dd916800,
0x000002d1dd955000, 0x000002d1de128800, 0x000002d1dda57800
}

Java Threads: ( => current thread )
  0x000002d1b4d23800 JavaThread "main" [_thread_in_Java, id=4252, stack(0x000000d43ef00000,0x000000d43f000000)]
  0x000002d1dd018800 JavaThread "Reference Handler" daemon [_thread_blocked, id=18872, stack(0x000000d43f600000,0x000000d43f700000)]
  0x000002d1dd01a000 JavaThread "Finalizer" daemon [_thread_blocked, id=18944, stack(0x000000d43f700000,0x000000d43f800000)]
  0x000002d1dd90e000 JavaThread "Signal Dispatcher" daemon [_thread_blocked, id=17932, stack(0x000000d43f800000,0x000000d43f900000)]
  0x000002d1dd911000 JavaThread "Attach Listener" daemon [_thread_blocked, id=6260, stack(0x000000d43f900000,0x000000d43fa00000)]
  0x000002d1dd912800 JavaThread "Service Thread" daemon [_thread_blocked, id=13940, stack(0x000000d43fa00000,0x000000d43fb00000)]
=>0x000002d1dd914800 JavaThread "C2 CompilerThread0" daemon [_thread_in_native, id=16844, stack(0x000000d43fb00000,0x000000d43fc00000)]
  0x000002d1dd916800 JavaThread "C1 CompilerThread0" daemon [_thread_blocked, id=15724, stack(0x000000d43fc00000,0x000000d43fd00000)]
  0x000002d1dd955000 JavaThread "Sweeper thread" daemon [_thread_blocked, id=1500, stack(0x000000d43fd00000,0x000000d43fe00000)]
  0x000002d1de128800 JavaThread "Common-Cleaner" daemon [_thread_blocked, id=18268, stack(0x000000d43fe00000,0x000000d43ff00000)]
  0x000002d1dda57800 JavaThread "C2 CompilerThread1" daemon [_thread_blocked, id=16600, stack(0x000000d43ff00000,0x000000d440000000)]

Other Threads:
  0x000002d1dd012800 VMThread "VM Thread" [stack: 0x000000d43f500000,0x000000d43f600000] [id=5216]
  0x000002d1b4cee000 GCTaskThread "GC Thread#0" [stack: 0x000000d43f000000,0x000000d43f100000] [id=18064]
  0x000002d1b4dc4000 ConcurrentGCThread "G1 Main Marker" [stack: 0x000000d43f100000,0x000000d43f200000] [id=17216]
  0x000002d1b4dc5000 ConcurrentGCThread "G1 Conc#0" [stack: 0x000000d43f200000,0x000000d43f300000] [id=15464]
  0x000002d1dcf51000 ConcurrentGCThread "G1 Refine#0" [stack: 0x000000d43f300000,0x000000d43f400000] [id=14744]
  0x000002d1dcf52800 ConcurrentGCThread "G1 Young RemSet Sampling" [stack: 0x000000d43f400000,0x000000d43f500000] [id=1484]

Threads with active compile tasks:
C2 CompilerThread0      352  160       4       java.util.HashMap::putVal (300 bytes)
C2 CompilerThread1      352  210       4       java.util.zip.ZipFile$Source::hashN (26 bytes)

VM state:not at safepoint (normal execution)

VM Mutex/Monitor currently owned by a thread: None

Heap address: 0x00000006c1c00000, size: 5092 MB, Compressed Oops mode: Zero based, Oop shift amount: 3
Narrow klass base: 0x0000000800000000, Narrow klass shift: 3
Compressed class space size: 1073741824 Address: 0x0000000800b30000

Heap:
 garbage-first heap   total 327680K, used 1024K [0x00000006c1c00000, 0x0000000800000000)
  region size 1024K, 2 young (2048K), 0 survivors (0K)
 Metaspace       used 548K, capacity 947K, committed 1280K, reserved 1060864K
  class space    used 47K, capacity 398K, committed 512K, reserved 1048576K
Heap Regions: E=young(eden), S=young(survivor), O=old, HS=humongous(starts), HC=humongous(continues), CS=collection set, F=free, OA=open archive, CA=closed archive, TAMS=top-at-mark-start (previous, next)
|   0|0x00000006c1c00000, 0x00000006c1c00000, 0x00000006c1d00000|  0%| F|  |TAMS 0x00000006c1c00000, 0x00000006c1c00000| Untracked 
|   1|0x00000006c1d00000, 0x00000006c1d00000, 0x00000006c1e00000|  0%| F|  |TAMS 0x00000006c1d00000, 0x00000006c1d00000| Untracked 
|   2|0x00000006c1e00000, 0x00000006c1e00000, 0x00000006c1f00000|  0%| F|  |TAMS 0x00000006c1e00000, 0x00000006c1e00000| Untracked 
|   3|0x00000006c1f00000, 0x00000006c1f00000, 0x00000006c2000000|  0%| F|  |TAMS 0x00000006c1f00000, 0x00000006c1f00000| Untracked 
|   4|0x00000006c2000000, 0x00000006c2000000, 0x00000006c2100000|  0%| F|  |TAMS 0x00000006c2000000, 0x00000006c2000000| Untracked 
|   5|0x00000006c2100000, 0x00000006c2100000, 0x00000006c2200000|  0%| F|  |TAMS 0x00000006c2100000, 0x00000006c2100000| Untracked 
|   6|0x00000006c2200000, 0x00000006c2200000, 0x00000006c2300000|  0%| F|  |TAMS 0x00000006c2200000, 0x00000006c2200000| Untracked 
|   7|0x00000006c2300000, 0x00000006c2300000, 0x00000006c2400000|  0%| F|  |TAMS 0x00000006c2300000, 0x00000006c2300000| Untracked 
|   8|0x00000006c2400000, 0x00000006c2400000, 0x00000006c2500000|  0%| F|  |TAMS 0x00000006c2400000, 0x00000006c2400000| Untracked 
|   9|0x00000006c2500000, 0x00000006c2500000, 0x00000006c2600000|  0%| F|  |TAMS 0x00000006c2500000, 0x00000006c2500000| Untracked 
|  10|0x00000006c2600000, 0x00000006c2600000, 0x00000006c2700000|  0%| F|  |TAMS 0x00000006c2600000, 0x00000006c2600000| Untracked 
|  11|0x00000006c2700000, 0x00000006c2700000, 0x00000006c2800000|  0%| F|  |TAMS 0x00000006c2700000, 0x00000006c2700000| Untracked 
|  12|0x00000006c2800000, 0x00000006c2800000, 0x00000006c2900000|  0%| F|  |TAMS 0x00000006c2800000, 0x00000006c2800000| Untracked 
|  13|0x00000006c2900000, 0x00000006c2900000, 0x00000006c2a00000|  0%| F|  |TAMS 0x00000006c2900000, 0x00000006c2900000| Untracked 
|  14|0x00000006c2a00000, 0x00000006c2a00000, 0x00000006c2b00000|  0%| F|  |TAMS 0x00000006c2a00000, 0x00000006c2a00000| Untracked 
|  15|0x00000006c2b00000, 0x00000006c2b00000, 0x00000006c2c00000|  0%| F|  |TAMS 0x00000006c2b00000, 0x00000006c2b00000| Untracked 
|  16|0x00000006c2c00000, 0x00000006c2c00000, 0x00000006c2d00000|  0%| F|  |TAMS 0x00000006c2c00000, 0x00000006c2c00000| Untracked 
|  17|0x00000006c2d00000, 0x00000006c2d00000, 0x00000006c2e00000|  0%| F|  |TAMS 0x00000006c2d00000, 0x00000006c2d00000| Untracked 
|  18|0x00000006c2e00000, 0x00000006c2e00000, 0x00000006c2f00000|  0%| F|  |TAMS 0x00000006c2e00000, 0x00000006c2e00000| Untracked 
|  19|0x00000006c2f00000, 0x00000006c2f00000, 0x00000006c3000000|  0%| F|  |TAMS 0x00000006c2f00000, 0x00000006c2f00000| Untracked 
|  20|0x00000006c3000000, 0x00000006c3000000, 0x00000006c3100000|  0%| F|  |TAMS 0x00000006c3000000, 0x00000006c3000000| Untracked 
|  21|0x00000006c3100000, 0x00000006c3100000, 0x00000006c3200000|  0%| F|  |TAMS 0x00000006c3100000, 0x00000006c3100000| Untracked 
|  22|0x00000006c3200000, 0x00000006c3200000, 0x00000006c3300000|  0%| F|  |TAMS 0x00000006c3200000, 0x00000006c3200000| Untracked 
|  23|0x00000006c3300000, 0x00000006c3300000, 0x00000006c3400000|  0%| F|  |TAMS 0x00000006c3300000, 0x00000006c3300000| Untracked 
|  24|0x00000006c3400000, 0x00000006c3400000, 0x00000006c3500000|  0%| F|  |TAMS 0x00000006c3400000, 0x00000006c3400000| Untracked 
|  25|0x00000006c3500000, 0x00000006c3500000, 0x00000006c3600000|  0%| F|  |TAMS 0x00000006c3500000, 0x00000006c3500000| Untracked 
|  26|0x00000006c3600000, 0x00000006c3600000, 0x00000006c3700000|  0%| F|  |TAMS 0x00000006c3600000, 0x00000006c3600000| Untracked 
|  27|0x00000006c3700000, 0x00000006c3700000, 0x00000006c3800000|  0%| F|  |TAMS 0x00000006c3700000, 0x00000006c3700000| Untracked 
|  28|0x00000006c3800000, 0x00000006c3800000, 0x00000006c3900000|  0%| F|  |TAMS 0x00000006c3800000, 0x00000006c3800000| Untracked 
|  29|0x00000006c3900000, 0x00000006c3900000, 0x00000006c3a00000|  0%| F|  |TAMS 0x00000006c3900000, 0x00000006c3900000| Untracked 
|  30|0x00000006c3a00000, 0x00000006c3a00000, 0x00000006c3b00000|  0%| F|  |TAMS 0x00000006c3a00000, 0x00000006c3a00000| Untracked 
|  31|0x00000006c3b00000, 0x00000006c3b00000, 0x00000006c3c00000|  0%| F|  |TAMS 0x00000006c3b00000, 0x00000006c3b00000| Untracked 
|  32|0x00000006c3c00000, 0x00000006c3c00000, 0x00000006c3d00000|  0%| F|  |TAMS 0x00000006c3c00000, 0x00000006c3c00000| Untracked 
|  33|0x00000006c3d00000, 0x00000006c3d00000, 0x00000006c3e00000|  0%| F|  |TAMS 0x00000006c3d00000, 0x00000006c3d00000| Untracked 
|  34|0x00000006c3e00000, 0x00000006c3e00000, 0x00000006c3f00000|  0%| F|  |TAMS 0x00000006c3e00000, 0x00000006c3e00000| Untracked 
|  35|0x00000006c3f00000, 0x00000006c3f00000, 0x00000006c4000000|  0%| F|  |TAMS 0x00000006c3f00000, 0x00000006c3f00000| Untracked 
|  36|0x00000006c4000000, 0x00000006c4000000, 0x00000006c4100000|  0%| F|  |TAMS 0x00000006c4000000, 0x00000006c4000000| Untracked 
|  37|0x00000006c4100000, 0x00000006c4100000, 0x00000006c4200000|  0%| F|  |TAMS 0x00000006c4100000, 0x00000006c4100000| Untracked 
|  38|0x00000006c4200000, 0x00000006c4200000, 0x00000006c4300000|  0%| F|  |TAMS 0x00000006c4200000, 0x00000006c4200000| Untracked 
|  39|0x00000006c4300000, 0x00000006c4300000, 0x00000006c4400000|  0%| F|  |TAMS 0x00000006c4300000, 0x00000006c4300000| Untracked 
|  40|0x00000006c4400000, 0x00000006c4400000, 0x00000006c4500000|  0%| F|  |TAMS 0x00000006c4400000, 0x00000006c4400000| Untracked 
|  41|0x00000006c4500000, 0x00000006c4500000, 0x00000006c4600000|  0%| F|  |TAMS 0x00000006c4500000, 0x00000006c4500000| Untracked 
|  42|0x00000006c4600000, 0x00000006c4600000, 0x00000006c4700000|  0%| F|  |TAMS 0x00000006c4600000, 0x00000006c4600000| Untracked 
|  43|0x00000006c4700000, 0x00000006c4700000, 0x00000006c4800000|  0%| F|  |TAMS 0x00000006c4700000, 0x00000006c4700000| Untracked 
|  44|0x00000006c4800000, 0x00000006c4800000, 0x00000006c4900000|  0%| F|  |TAMS 0x00000006c4800000, 0x00000006c4800000| Untracked 
|  45|0x00000006c4900000, 0x00000006c4900000, 0x00000006c4a00000|  0%| F|  |TAMS 0x00000006c4900000, 0x00000006c4900000| Untracked 
|  46|0x00000006c4a00000, 0x00000006c4a00000, 0x00000006c4b00000|  0%| F|  |TAMS 0x00000006c4a00000, 0x00000006c4a00000| Untracked 
|  47|0x00000006c4b00000, 0x00000006c4b00000, 0x00000006c4c00000|  0%| F|  |TAMS 0x00000006c4b00000, 0x00000006c4b00000| Untracked 
|  48|0x00000006c4c00000, 0x00000006c4c00000, 0x00000006c4d00000|  0%| F|  |TAMS 0x00000006c4c00000, 0x00000006c4c00000| Untracked 
|  49|0x00000006c4d00000, 0x00000006c4d00000, 0x00000006c4e00000|  0%| F|  |TAMS 0x00000006c4d00000, 0x00000006c4d00000| Untracked 
|  50|0x00000006c4e00000, 0x00000006c4e00000, 0x00000006c4f00000|  0%| F|  |TAMS 0x00000006c4e00000, 0x00000006c4e00000| Untracked 
|  51|0x00000006c4f00000, 0x00000006c4f00000, 0x00000006c5000000|  0%| F|  |TAMS 0x00000006c4f00000, 0x00000006c4f00000| Untracked 
|  52|0x00000006c5000000, 0x00000006c5000000, 0x00000006c5100000|  0%| F|  |TAMS 0x00000006c5000000, 0x00000006c5000000| Untracked 
|  53|0x00000006c5100000, 0x00000006c5100000, 0x00000006c5200000|  0%| F|  |TAMS 0x00000006c5100000, 0x00000006c5100000| Untracked 
|  54|0x00000006c5200000, 0x00000006c5200000, 0x00000006c5300000|  0%| F|  |TAMS 0x00000006c5200000, 0x00000006c5200000| Untracked 
|  55|0x00000006c5300000, 0x00000006c5300000, 0x00000006c5400000|  0%| F|  |TAMS 0x00000006c5300000, 0x00000006c5300000| Untracked 
|  56|0x00000006c5400000, 0x00000006c5400000, 0x00000006c5500000|  0%| F|  |TAMS 0x00000006c5400000, 0x00000006c5400000| Untracked 
|  57|0x00000006c5500000, 0x00000006c5500000, 0x00000006c5600000|  0%| F|  |TAMS 0x00000006c5500000, 0x00000006c5500000| Untracked 
|  58|0x00000006c5600000, 0x00000006c5600000, 0x00000006c5700000|  0%| F|  |TAMS 0x00000006c5600000, 0x00000006c5600000| Untracked 
|  59|0x00000006c5700000, 0x00000006c5700000, 0x00000006c5800000|  0%| F|  |TAMS 0x00000006c5700000, 0x00000006c5700000| Untracked 
|  60|0x00000006c5800000, 0x00000006c5800000, 0x00000006c5900000|  0%| F|  |TAMS 0x00000006c5800000, 0x00000006c5800000| Untracked 
|  61|0x00000006c5900000, 0x00000006c5900000, 0x00000006c5a00000|  0%| F|  |TAMS 0x00000006c5900000, 0x00000006c5900000| Untracked 
|  62|0x00000006c5a00000, 0x00000006c5a00000, 0x00000006c5b00000|  0%| F|  |TAMS 0x00000006c5a00000, 0x00000006c5a00000| Untracked 
|  63|0x00000006c5b00000, 0x00000006c5b00000, 0x00000006c5c00000|  0%| F|  |TAMS 0x00000006c5b00000, 0x00000006c5b00000| Untracked 
|  64|0x00000006c5c00000, 0x00000006c5c00000, 0x00000006c5d00000|  0%| F|  |TAMS 0x00000006c5c00000, 0x00000006c5c00000| Untracked 
|  65|0x00000006c5d00000, 0x00000006c5d00000, 0x00000006c5e00000|  0%| F|  |TAMS 0x00000006c5d00000, 0x00000006c5d00000| Untracked 
|  66|0x00000006c5e00000, 0x00000006c5e00000, 0x00000006c5f00000|  0%| F|  |TAMS 0x00000006c5e00000, 0x00000006c5e00000| Untracked 
|  67|0x00000006c5f00000, 0x00000006c5f00000, 0x00000006c6000000|  0%| F|  |TAMS 0x00000006c5f00000, 0x00000006c5f00000| Untracked 
|  68|0x00000006c6000000, 0x00000006c6000000, 0x00000006c6100000|  0%| F|  |TAMS 0x00000006c6000000, 0x00000006c6000000| Untracked 
|  69|0x00000006c6100000, 0x00000006c6100000, 0x00000006c6200000|  0%| F|  |TAMS 0x00000006c6100000, 0x00000006c6100000| Untracked 
|  70|0x00000006c6200000, 0x00000006c6200000, 0x00000006c6300000|  0%| F|  |TAMS 0x00000006c6200000, 0x00000006c6200000| Untracked 
|  71|0x00000006c6300000, 0x00000006c6300000, 0x00000006c6400000|  0%| F|  |TAMS 0x00000006c6300000, 0x00000006c6300000| Untracked 
|  72|0x00000006c6400000, 0x00000006c6400000, 0x00000006c6500000|  0%| F|  |TAMS 0x00000006c6400000, 0x00000006c6400000| Untracked 
|  73|0x00000006c6500000, 0x00000006c6500000, 0x00000006c6600000|  0%| F|  |TAMS 0x00000006c6500000, 0x00000006c6500000| Untracked 
|  74|0x00000006c6600000, 0x00000006c6600000, 0x00000006c6700000|  0%| F|  |TAMS 0x00000006c6600000, 0x00000006c6600000| Untracked 
|  75|0x00000006c6700000, 0x00000006c6700000, 0x00000006c6800000|  0%| F|  |TAMS 0x00000006c6700000, 0x00000006c6700000| Untracked 
|  76|0x00000006c6800000, 0x00000006c6800000, 0x00000006c6900000|  0%| F|  |TAMS 0x00000006c6800000, 0x00000006c6800000| Untracked 
|  77|0x00000006c6900000, 0x00000006c6900000, 0x00000006c6a00000|  0%| F|  |TAMS 0x00000006c6900000, 0x00000006c6900000| Untracked 
|  78|0x00000006c6a00000, 0x00000006c6a00000, 0x00000006c6b00000|  0%| F|  |TAMS 0x00000006c6a00000, 0x00000006c6a00000| Untracked 
|  79|0x00000006c6b00000, 0x00000006c6b00000, 0x00000006c6c00000|  0%| F|  |TAMS 0x00000006c6b00000, 0x00000006c6b00000| Untracked 
|  80|0x00000006c6c00000, 0x00000006c6c00000, 0x00000006c6d00000|  0%| F|  |TAMS 0x00000006c6c00000, 0x00000006c6c00000| Untracked 
|  81|0x00000006c6d00000, 0x00000006c6d00000, 0x00000006c6e00000|  0%| F|  |TAMS 0x00000006c6d00000, 0x00000006c6d00000| Untracked 
|  82|0x00000006c6e00000, 0x00000006c6e00000, 0x00000006c6f00000|  0%| F|  |TAMS 0x00000006c6e00000, 0x00000006c6e00000| Untracked 
|  83|0x00000006c6f00000, 0x00000006c6f00000, 0x00000006c7000000|  0%| F|  |TAMS 0x00000006c6f00000, 0x00000006c6f00000| Untracked 
|  84|0x00000006c7000000, 0x00000006c7000000, 0x00000006c7100000|  0%| F|  |TAMS 0x00000006c7000000, 0x00000006c7000000| Untracked 
|  85|0x00000006c7100000, 0x00000006c7100000, 0x00000006c7200000|  0%| F|  |TAMS 0x00000006c7100000, 0x00000006c7100000| Untracked 
|  86|0x00000006c7200000, 0x00000006c7200000, 0x00000006c7300000|  0%| F|  |TAMS 0x00000006c7200000, 0x00000006c7200000| Untracked 
|  87|0x00000006c7300000, 0x00000006c7300000, 0x00000006c7400000|  0%| F|  |TAMS 0x00000006c7300000, 0x00000006c7300000| Untracked 
|  88|0x00000006c7400000, 0x00000006c7400000, 0x00000006c7500000|  0%| F|  |TAMS 0x00000006c7400000, 0x00000006c7400000| Untracked 
|  89|0x00000006c7500000, 0x00000006c7500000, 0x00000006c7600000|  0%| F|  |TAMS 0x00000006c7500000, 0x00000006c7500000| Untracked 
|  90|0x00000006c7600000, 0x00000006c7600000, 0x00000006c7700000|  0%| F|  |TAMS 0x00000006c7600000, 0x00000006c7600000| Untracked 
|  91|0x00000006c7700000, 0x00000006c7700000, 0x00000006c7800000|  0%| F|  |TAMS 0x00000006c7700000, 0x00000006c7700000| Untracked 
|  92|0x00000006c7800000, 0x00000006c7800000, 0x00000006c7900000|  0%| F|  |TAMS 0x00000006c7800000, 0x00000006c7800000| Untracked 
|  93|0x00000006c7900000, 0x00000006c7900000, 0x00000006c7a00000|  0%| F|  |TAMS 0x00000006c7900000, 0x00000006c7900000| Untracked 
|  94|0x00000006c7a00000, 0x00000006c7a00000, 0x00000006c7b00000|  0%| F|  |TAMS 0x00000006c7a00000, 0x00000006c7a00000| Untracked 
|  95|0x00000006c7b00000, 0x00000006c7b00000, 0x00000006c7c00000|  0%| F|  |TAMS 0x00000006c7b00000, 0x00000006c7b00000| Untracked 
|  96|0x00000006c7c00000, 0x00000006c7c00000, 0x00000006c7d00000|  0%| F|  |TAMS 0x00000006c7c00000, 0x00000006c7c00000| Untracked 
|  97|0x00000006c7d00000, 0x00000006c7d00000, 0x00000006c7e00000|  0%| F|  |TAMS 0x00000006c7d00000, 0x00000006c7d00000| Untracked 
|  98|0x00000006c7e00000, 0x00000006c7e00000, 0x00000006c7f00000|  0%| F|  |TAMS 0x00000006c7e00000, 0x00000006c7e00000| Untracked 
|  99|0x00000006c7f00000, 0x00000006c7f00000, 0x00000006c8000000|  0%| F|  |TAMS 0x00000006c7f00000, 0x00000006c7f00000| Untracked 
| 100|0x00000006c8000000, 0x00000006c8000000, 0x00000006c8100000|  0%| F|  |TAMS 0x00000006c8000000, 0x00000006c8000000| Untracked 
| 101|0x00000006c8100000, 0x00000006c8100000, 0x00000006c8200000|  0%| F|  |TAMS 0x00000006c8100000, 0x00000006c8100000| Untracked 
| 102|0x00000006c8200000, 0x00000006c8200000, 0x00000006c8300000|  0%| F|  |TAMS 0x00000006c8200000, 0x00000006c8200000| Untracked 
| 103|0x00000006c8300000, 0x00000006c8300000, 0x00000006c8400000|  0%| F|  |TAMS 0x00000006c8300000, 0x00000006c8300000| Untracked 
| 104|0x00000006c8400000, 0x00000006c8400000, 0x00000006c8500000|  0%| F|  |TAMS 0x00000006c8400000, 0x00000006c8400000| Untracked 
| 105|0x00000006c8500000, 0x00000006c8500000, 0x00000006c8600000|  0%| F|  |TAMS 0x00000006c8500000, 0x00000006c8500000| Untracked 
| 106|0x00000006c8600000, 0x00000006c8600000, 0x00000006c8700000|  0%| F|  |TAMS 0x00000006c8600000, 0x00000006c8600000| Untracked 
| 107|0x00000006c8700000, 0x00000006c8700000, 0x00000006c8800000|  0%| F|  |TAMS 0x00000006c8700000, 0x00000006c8700000| Untracked 
| 108|0x00000006c8800000, 0x00000006c8800000, 0x00000006c8900000|  0%| F|  |TAMS 0x00000006c8800000, 0x00000006c8800000| Untracked 
| 109|0x00000006c8900000, 0x00000006c8900000, 0x00000006c8a00000|  0%| F|  |TAMS 0x00000006c8900000, 0x00000006c8900000| Untracked 
| 110|0x00000006c8a00000, 0x00000006c8a00000, 0x00000006c8b00000|  0%| F|  |TAMS 0x00000006c8a00000, 0x00000006c8a00000| Untracked 
| 111|0x00000006c8b00000, 0x00000006c8b00000, 0x00000006c8c00000|  0%| F|  |TAMS 0x00000006c8b00000, 0x00000006c8b00000| Untracked 
| 112|0x00000006c8c00000, 0x00000006c8c00000, 0x00000006c8d00000|  0%| F|  |TAMS 0x00000006c8c00000, 0x00000006c8c00000| Untracked 
| 113|0x00000006c8d00000, 0x00000006c8d00000, 0x00000006c8e00000|  0%| F|  |TAMS 0x00000006c8d00000, 0x00000006c8d00000| Untracked 
| 114|0x00000006c8e00000, 0x00000006c8e00000, 0x00000006c8f00000|  0%| F|  |TAMS 0x00000006c8e00000, 0x00000006c8e00000| Untracked 
| 115|0x00000006c8f00000, 0x00000006c8f00000, 0x00000006c9000000|  0%| F|  |TAMS 0x00000006c8f00000, 0x00000006c8f00000| Untracked 
| 116|0x00000006c9000000, 0x00000006c9000000, 0x00000006c9100000|  0%| F|  |TAMS 0x00000006c9000000, 0x00000006c9000000| Untracked 
| 117|0x00000006c9100000, 0x00000006c9100000, 0x00000006c9200000|  0%| F|  |TAMS 0x00000006c9100000, 0x00000006c9100000| Untracked 
| 118|0x00000006c9200000, 0x00000006c9200000, 0x00000006c9300000|  0%| F|  |TAMS 0x00000006c9200000, 0x00000006c9200000| Untracked 
| 119|0x00000006c9300000, 0x00000006c9300000, 0x00000006c9400000|  0%| F|  |TAMS 0x00000006c9300000, 0x00000006c9300000| Untracked 
| 120|0x00000006c9400000, 0x00000006c9400000, 0x00000006c9500000|  0%| F|  |TAMS 0x00000006c9400000, 0x00000006c9400000| Untracked 
| 121|0x00000006c9500000, 0x00000006c9500000, 0x00000006c9600000|  0%| F|  |TAMS 0x00000006c9500000, 0x00000006c9500000| Untracked 
| 122|0x00000006c9600000, 0x00000006c9600000, 0x00000006c9700000|  0%| F|  |TAMS 0x00000006c9600000, 0x00000006c9600000| Untracked 
| 123|0x00000006c9700000, 0x00000006c9700000, 0x00000006c9800000|  0%| F|  |TAMS 0x00000006c9700000, 0x00000006c9700000| Untracked 
| 124|0x00000006c9800000, 0x00000006c9800000, 0x00000006c9900000|  0%| F|  |TAMS 0x00000006c9800000, 0x00000006c9800000| Untracked 
| 125|0x00000006c9900000, 0x00000006c9900000, 0x00000006c9a00000|  0%| F|  |TAMS 0x00000006c9900000, 0x00000006c9900000| Untracked 
| 126|0x00000006c9a00000, 0x00000006c9a00000, 0x00000006c9b00000|  0%| F|  |TAMS 0x00000006c9a00000, 0x00000006c9a00000| Untracked 
| 127|0x00000006c9b00000, 0x00000006c9b00000, 0x00000006c9c00000|  0%| F|  |TAMS 0x00000006c9b00000, 0x00000006c9b00000| Untracked 
| 128|0x00000006c9c00000, 0x00000006c9c00000, 0x00000006c9d00000|  0%| F|  |TAMS 0x00000006c9c00000, 0x00000006c9c00000| Untracked 
| 129|0x00000006c9d00000, 0x00000006c9d00000, 0x00000006c9e00000|  0%| F|  |TAMS 0x00000006c9d00000, 0x00000006c9d00000| Untracked 
| 130|0x00000006c9e00000, 0x00000006c9e00000, 0x00000006c9f00000|  0%| F|  |TAMS 0x00000006c9e00000, 0x00000006c9e00000| Untracked 
| 131|0x00000006c9f00000, 0x00000006c9f00000, 0x00000006ca000000|  0%| F|  |TAMS 0x00000006c9f00000, 0x00000006c9f00000| Untracked 
| 132|0x00000006ca000000, 0x00000006ca000000, 0x00000006ca100000|  0%| F|  |TAMS 0x00000006ca000000, 0x00000006ca000000| Untracked 
| 133|0x00000006ca100000, 0x00000006ca100000, 0x00000006ca200000|  0%| F|  |TAMS 0x00000006ca100000, 0x00000006ca100000| Untracked 
| 134|0x00000006ca200000, 0x00000006ca200000, 0x00000006ca300000|  0%| F|  |TAMS 0x00000006ca200000, 0x00000006ca200000| Untracked 
| 135|0x00000006ca300000, 0x00000006ca300000, 0x00000006ca400000|  0%| F|  |TAMS 0x00000006ca300000, 0x00000006ca300000| Untracked 
| 136|0x00000006ca400000, 0x00000006ca400000, 0x00000006ca500000|  0%| F|  |TAMS 0x00000006ca400000, 0x00000006ca400000| Untracked 
| 137|0x00000006ca500000, 0x00000006ca500000, 0x00000006ca600000|  0%| F|  |TAMS 0x00000006ca500000, 0x00000006ca500000| Untracked 
| 138|0x00000006ca600000, 0x00000006ca600000, 0x00000006ca700000|  0%| F|  |TAMS 0x00000006ca600000, 0x00000006ca600000| Untracked 
| 139|0x00000006ca700000, 0x00000006ca700000, 0x00000006ca800000|  0%| F|  |TAMS 0x00000006ca700000, 0x00000006ca700000| Untracked 
| 140|0x00000006ca800000, 0x00000006ca800000, 0x00000006ca900000|  0%| F|  |TAMS 0x00000006ca800000, 0x00000006ca800000| Untracked 
| 141|0x00000006ca900000, 0x00000006ca900000, 0x00000006caa00000|  0%| F|  |TAMS 0x00000006ca900000, 0x00000006ca900000| Untracked 
| 142|0x00000006caa00000, 0x00000006caa00000, 0x00000006cab00000|  0%| F|  |TAMS 0x00000006caa00000, 0x00000006caa00000| Untracked 
| 143|0x00000006cab00000, 0x00000006cab00000, 0x00000006cac00000|  0%| F|  |TAMS 0x00000006cab00000, 0x00000006cab00000| Untracked 
| 144|0x00000006cac00000, 0x00000006cac00000, 0x00000006cad00000|  0%| F|  |TAMS 0x00000006cac00000, 0x00000006cac00000| Untracked 
| 145|0x00000006cad00000, 0x00000006cad00000, 0x00000006cae00000|  0%| F|  |TAMS 0x00000006cad00000, 0x00000006cad00000| Untracked 
| 146|0x00000006cae00000, 0x00000006cae00000, 0x00000006caf00000|  0%| F|  |TAMS 0x00000006cae00000, 0x00000006cae00000| Untracked 
| 147|0x00000006caf00000, 0x00000006caf00000, 0x00000006cb000000|  0%| F|  |TAMS 0x00000006caf00000, 0x00000006caf00000| Untracked 
| 148|0x00000006cb000000, 0x00000006cb000000, 0x00000006cb100000|  0%| F|  |TAMS 0x00000006cb000000, 0x00000006cb000000| Untracked 
| 149|0x00000006cb100000, 0x00000006cb100000, 0x00000006cb200000|  0%| F|  |TAMS 0x00000006cb100000, 0x00000006cb100000| Untracked 
| 150|0x00000006cb200000, 0x00000006cb200000, 0x00000006cb300000|  0%| F|  |TAMS 0x00000006cb200000, 0x00000006cb200000| Untracked 
| 151|0x00000006cb300000, 0x00000006cb300000, 0x00000006cb400000|  0%| F|  |TAMS 0x00000006cb300000, 0x00000006cb300000| Untracked 
| 152|0x00000006cb400000, 0x00000006cb400000, 0x00000006cb500000|  0%| F|  |TAMS 0x00000006cb400000, 0x00000006cb400000| Untracked 
| 153|0x00000006cb500000, 0x00000006cb500000, 0x00000006cb600000|  0%| F|  |TAMS 0x00000006cb500000, 0x00000006cb500000| Untracked 
| 154|0x00000006cb600000, 0x00000006cb600000, 0x00000006cb700000|  0%| F|  |TAMS 0x00000006cb600000, 0x00000006cb600000| Untracked 
| 155|0x00000006cb700000, 0x00000006cb700000, 0x00000006cb800000|  0%| F|  |TAMS 0x00000006cb700000, 0x00000006cb700000| Untracked 
| 156|0x00000006cb800000, 0x00000006cb800000, 0x00000006cb900000|  0%| F|  |TAMS 0x00000006cb800000, 0x00000006cb800000| Untracked 
| 157|0x00000006cb900000, 0x00000006cb900000, 0x00000006cba00000|  0%| F|  |TAMS 0x00000006cb900000, 0x00000006cb900000| Untracked 
| 158|0x00000006cba00000, 0x00000006cba00000, 0x00000006cbb00000|  0%| F|  |TAMS 0x00000006cba00000, 0x00000006cba00000| Untracked 
| 159|0x00000006cbb00000, 0x00000006cbb00000, 0x00000006cbc00000|  0%| F|  |TAMS 0x00000006cbb00000, 0x00000006cbb00000| Untracked 
| 160|0x00000006cbc00000, 0x00000006cbc00000, 0x00000006cbd00000|  0%| F|  |TAMS 0x00000006cbc00000, 0x00000006cbc00000| Untracked 
| 161|0x00000006cbd00000, 0x00000006cbd00000, 0x00000006cbe00000|  0%| F|  |TAMS 0x00000006cbd00000, 0x00000006cbd00000| Untracked 
| 162|0x00000006cbe00000, 0x00000006cbe00000, 0x00000006cbf00000|  0%| F|  |TAMS 0x00000006cbe00000, 0x00000006cbe00000| Untracked 
| 163|0x00000006cbf00000, 0x00000006cbf00000, 0x00000006cc000000|  0%| F|  |TAMS 0x00000006cbf00000, 0x00000006cbf00000| Untracked 
| 164|0x00000006cc000000, 0x00000006cc000000, 0x00000006cc100000|  0%| F|  |TAMS 0x00000006cc000000, 0x00000006cc000000| Untracked 
| 165|0x00000006cc100000, 0x00000006cc100000, 0x00000006cc200000|  0%| F|  |TAMS 0x00000006cc100000, 0x00000006cc100000| Untracked 
| 166|0x00000006cc200000, 0x00000006cc200000, 0x00000006cc300000|  0%| F|  |TAMS 0x00000006cc200000, 0x00000006cc200000| Untracked 
| 167|0x00000006cc300000, 0x00000006cc300000, 0x00000006cc400000|  0%| F|  |TAMS 0x00000006cc300000, 0x00000006cc300000| Untracked 
| 168|0x00000006cc400000, 0x00000006cc400000, 0x00000006cc500000|  0%| F|  |TAMS 0x00000006cc400000, 0x00000006cc400000| Untracked 
| 169|0x00000006cc500000, 0x00000006cc500000, 0x00000006cc600000|  0%| F|  |TAMS 0x00000006cc500000, 0x00000006cc500000| Untracked 
| 170|0x00000006cc600000, 0x00000006cc600000, 0x00000006cc700000|  0%| F|  |TAMS 0x00000006cc600000, 0x00000006cc600000| Untracked 
| 171|0x00000006cc700000, 0x00000006cc700000, 0x00000006cc800000|  0%| F|  |TAMS 0x00000006cc700000, 0x00000006cc700000| Untracked 
| 172|0x00000006cc800000, 0x00000006cc800000, 0x00000006cc900000|  0%| F|  |TAMS 0x00000006cc800000, 0x00000006cc800000| Untracked 
| 173|0x00000006cc900000, 0x00000006cc900000, 0x00000006cca00000|  0%| F|  |TAMS 0x00000006cc900000, 0x00000006cc900000| Untracked 
| 174|0x00000006cca00000, 0x00000006cca00000, 0x00000006ccb00000|  0%| F|  |TAMS 0x00000006cca00000, 0x00000006cca00000| Untracked 
| 175|0x00000006ccb00000, 0x00000006ccb00000, 0x00000006ccc00000|  0%| F|  |TAMS 0x00000006ccb00000, 0x00000006ccb00000| Untracked 
| 176|0x00000006ccc00000, 0x00000006ccc00000, 0x00000006ccd00000|  0%| F|  |TAMS 0x00000006ccc00000, 0x00000006ccc00000| Untracked 
| 177|0x00000006ccd00000, 0x00000006ccd00000, 0x00000006cce00000|  0%| F|  |TAMS 0x00000006ccd00000, 0x00000006ccd00000| Untracked 
| 178|0x00000006cce00000, 0x00000006cce00000, 0x00000006ccf00000|  0%| F|  |TAMS 0x00000006cce00000, 0x00000006cce00000| Untracked 
| 179|0x00000006ccf00000, 0x00000006ccf00000, 0x00000006cd000000|  0%| F|  |TAMS 0x00000006ccf00000, 0x00000006ccf00000| Untracked 
| 180|0x00000006cd000000, 0x00000006cd000000, 0x00000006cd100000|  0%| F|  |TAMS 0x00000006cd000000, 0x00000006cd000000| Untracked 
| 181|0x00000006cd100000, 0x00000006cd100000, 0x00000006cd200000|  0%| F|  |TAMS 0x00000006cd100000, 0x00000006cd100000| Untracked 
| 182|0x00000006cd200000, 0x00000006cd200000, 0x00000006cd300000|  0%| F|  |TAMS 0x00000006cd200000, 0x00000006cd200000| Untracked 
| 183|0x00000006cd300000, 0x00000006cd300000, 0x00000006cd400000|  0%| F|  |TAMS 0x00000006cd300000, 0x00000006cd300000| Untracked 
| 184|0x00000006cd400000, 0x00000006cd400000, 0x00000006cd500000|  0%| F|  |TAMS 0x00000006cd400000, 0x00000006cd400000| Untracked 
| 185|0x00000006cd500000, 0x00000006cd500000, 0x00000006cd600000|  0%| F|  |TAMS 0x00000006cd500000, 0x00000006cd500000| Untracked 
| 186|0x00000006cd600000, 0x00000006cd600000, 0x00000006cd700000|  0%| F|  |TAMS 0x00000006cd600000, 0x00000006cd600000| Untracked 
| 187|0x00000006cd700000, 0x00000006cd700000, 0x00000006cd800000|  0%| F|  |TAMS 0x00000006cd700000, 0x00000006cd700000| Untracked 
| 188|0x00000006cd800000, 0x00000006cd800000, 0x00000006cd900000|  0%| F|  |TAMS 0x00000006cd800000, 0x00000006cd800000| Untracked 
| 189|0x00000006cd900000, 0x00000006cd900000, 0x00000006cda00000|  0%| F|  |TAMS 0x00000006cd900000, 0x00000006cd900000| Untracked 
| 190|0x00000006cda00000, 0x00000006cda00000, 0x00000006cdb00000|  0%| F|  |TAMS 0x00000006cda00000, 0x00000006cda00000| Untracked 
| 191|0x00000006cdb00000, 0x00000006cdb00000, 0x00000006cdc00000|  0%| F|  |TAMS 0x00000006cdb00000, 0x00000006cdb00000| Untracked 
| 192|0x00000006cdc00000, 0x00000006cdc00000, 0x00000006cdd00000|  0%| F|  |TAMS 0x00000006cdc00000, 0x00000006cdc00000| Untracked 
| 193|0x00000006cdd00000, 0x00000006cdd00000, 0x00000006cde00000|  0%| F|  |TAMS 0x00000006cdd00000, 0x00000006cdd00000| Untracked 
| 194|0x00000006cde00000, 0x00000006cde00000, 0x00000006cdf00000|  0%| F|  |TAMS 0x00000006cde00000, 0x00000006cde00000| Untracked 
| 195|0x00000006cdf00000, 0x00000006cdf00000, 0x00000006ce000000|  0%| F|  |TAMS 0x00000006cdf00000, 0x00000006cdf00000| Untracked 
| 196|0x00000006ce000000, 0x00000006ce000000, 0x00000006ce100000|  0%| F|  |TAMS 0x00000006ce000000, 0x00000006ce000000| Untracked 
| 197|0x00000006ce100000, 0x00000006ce100000, 0x00000006ce200000|  0%| F|  |TAMS 0x00000006ce100000, 0x00000006ce100000| Untracked 
| 198|0x00000006ce200000, 0x00000006ce200000, 0x00000006ce300000|  0%| F|  |TAMS 0x00000006ce200000, 0x00000006ce200000| Untracked 
| 199|0x00000006ce300000, 0x00000006ce300000, 0x00000006ce400000|  0%| F|  |TAMS 0x00000006ce300000, 0x00000006ce300000| Untracked 
| 200|0x00000006ce400000, 0x00000006ce400000, 0x00000006ce500000|  0%| F|  |TAMS 0x00000006ce400000, 0x00000006ce400000| Untracked 
| 201|0x00000006ce500000, 0x00000006ce500000, 0x00000006ce600000|  0%| F|  |TAMS 0x00000006ce500000, 0x00000006ce500000| Untracked 
| 202|0x00000006ce600000, 0x00000006ce600000, 0x00000006ce700000|  0%| F|  |TAMS 0x00000006ce600000, 0x00000006ce600000| Untracked 
| 203|0x00000006ce700000, 0x00000006ce700000, 0x00000006ce800000|  0%| F|  |TAMS 0x00000006ce700000, 0x00000006ce700000| Untracked 
| 204|0x00000006ce800000, 0x00000006ce800000, 0x00000006ce900000|  0%| F|  |TAMS 0x00000006ce800000, 0x00000006ce800000| Untracked 
| 205|0x00000006ce900000, 0x00000006ce900000, 0x00000006cea00000|  0%| F|  |TAMS 0x00000006ce900000, 0x00000006ce900000| Untracked 
| 206|0x00000006cea00000, 0x00000006cea00000, 0x00000006ceb00000|  0%| F|  |TAMS 0x00000006cea00000, 0x00000006cea00000| Untracked 
| 207|0x00000006ceb00000, 0x00000006ceb00000, 0x00000006cec00000|  0%| F|  |TAMS 0x00000006ceb00000, 0x00000006ceb00000| Untracked 
| 208|0x00000006cec00000, 0x00000006cec00000, 0x00000006ced00000|  0%| F|  |TAMS 0x00000006cec00000, 0x00000006cec00000| Untracked 
| 209|0x00000006ced00000, 0x00000006ced00000, 0x00000006cee00000|  0%| F|  |TAMS 0x00000006ced00000, 0x00000006ced00000| Untracked 
| 210|0x00000006cee00000, 0x00000006cee00000, 0x00000006cef00000|  0%| F|  |TAMS 0x00000006cee00000, 0x00000006cee00000| Untracked 
| 211|0x00000006cef00000, 0x00000006cef00000, 0x00000006cf000000|  0%| F|  |TAMS 0x00000006cef00000, 0x00000006cef00000| Untracked 
| 212|0x00000006cf000000, 0x00000006cf000000, 0x00000006cf100000|  0%| F|  |TAMS 0x00000006cf000000, 0x00000006cf000000| Untracked 
| 213|0x00000006cf100000, 0x00000006cf100000, 0x00000006cf200000|  0%| F|  |TAMS 0x00000006cf100000, 0x00000006cf100000| Untracked 
| 214|0x00000006cf200000, 0x00000006cf200000, 0x00000006cf300000|  0%| F|  |TAMS 0x00000006cf200000, 0x00000006cf200000| Untracked 
| 215|0x00000006cf300000, 0x00000006cf300000, 0x00000006cf400000|  0%| F|  |TAMS 0x00000006cf300000, 0x00000006cf300000| Untracked 
| 216|0x00000006cf400000, 0x00000006cf400000, 0x00000006cf500000|  0%| F|  |TAMS 0x00000006cf400000, 0x00000006cf400000| Untracked 
| 217|0x00000006cf500000, 0x00000006cf500000, 0x00000006cf600000|  0%| F|  |TAMS 0x00000006cf500000, 0x00000006cf500000| Untracked 
| 218|0x00000006cf600000, 0x00000006cf600000, 0x00000006cf700000|  0%| F|  |TAMS 0x00000006cf600000, 0x00000006cf600000| Untracked 
| 219|0x00000006cf700000, 0x00000006cf700000, 0x00000006cf800000|  0%| F|  |TAMS 0x00000006cf700000, 0x00000006cf700000| Untracked 
| 220|0x00000006cf800000, 0x00000006cf800000, 0x00000006cf900000|  0%| F|  |TAMS 0x00000006cf800000, 0x00000006cf800000| Untracked 
| 221|0x00000006cf900000, 0x00000006cf900000, 0x00000006cfa00000|  0%| F|  |TAMS 0x00000006cf900000, 0x00000006cf900000| Untracked 
| 222|0x00000006cfa00000, 0x00000006cfa00000, 0x00000006cfb00000|  0%| F|  |TAMS 0x00000006cfa00000, 0x00000006cfa00000| Untracked 
| 223|0x00000006cfb00000, 0x00000006cfb00000, 0x00000006cfc00000|  0%| F|  |TAMS 0x00000006cfb00000, 0x00000006cfb00000| Untracked 
| 224|0x00000006cfc00000, 0x00000006cfc00000, 0x00000006cfd00000|  0%| F|  |TAMS 0x00000006cfc00000, 0x00000006cfc00000| Untracked 
| 225|0x00000006cfd00000, 0x00000006cfd00000, 0x00000006cfe00000|  0%| F|  |TAMS 0x00000006cfd00000, 0x00000006cfd00000| Untracked 
| 226|0x00000006cfe00000, 0x00000006cfe00000, 0x00000006cff00000|  0%| F|  |TAMS 0x00000006cfe00000, 0x00000006cfe00000| Untracked 
| 227|0x00000006cff00000, 0x00000006cff00000, 0x00000006d0000000|  0%| F|  |TAMS 0x00000006cff00000, 0x00000006cff00000| Untracked 
| 228|0x00000006d0000000, 0x00000006d0000000, 0x00000006d0100000|  0%| F|  |TAMS 0x00000006d0000000, 0x00000006d0000000| Untracked 
| 229|0x00000006d0100000, 0x00000006d0100000, 0x00000006d0200000|  0%| F|  |TAMS 0x00000006d0100000, 0x00000006d0100000| Untracked 
| 230|0x00000006d0200000, 0x00000006d0200000, 0x00000006d0300000|  0%| F|  |TAMS 0x00000006d0200000, 0x00000006d0200000| Untracked 
| 231|0x00000006d0300000, 0x00000006d0300000, 0x00000006d0400000|  0%| F|  |TAMS 0x00000006d0300000, 0x00000006d0300000| Untracked 
| 232|0x00000006d0400000, 0x00000006d0400000, 0x00000006d0500000|  0%| F|  |TAMS 0x00000006d0400000, 0x00000006d0400000| Untracked 
| 233|0x00000006d0500000, 0x00000006d0500000, 0x00000006d0600000|  0%| F|  |TAMS 0x00000006d0500000, 0x00000006d0500000| Untracked 
| 234|0x00000006d0600000, 0x00000006d0600000, 0x00000006d0700000|  0%| F|  |TAMS 0x00000006d0600000, 0x00000006d0600000| Untracked 
| 235|0x00000006d0700000, 0x00000006d0700000, 0x00000006d0800000|  0%| F|  |TAMS 0x00000006d0700000, 0x00000006d0700000| Untracked 
| 236|0x00000006d0800000, 0x00000006d0800000, 0x00000006d0900000|  0%| F|  |TAMS 0x00000006d0800000, 0x00000006d0800000| Untracked 
| 237|0x00000006d0900000, 0x00000006d0900000, 0x00000006d0a00000|  0%| F|  |TAMS 0x00000006d0900000, 0x00000006d0900000| Untracked 
| 238|0x00000006d0a00000, 0x00000006d0a00000, 0x00000006d0b00000|  0%| F|  |TAMS 0x00000006d0a00000, 0x00000006d0a00000| Untracked 
| 239|0x00000006d0b00000, 0x00000006d0b00000, 0x00000006d0c00000|  0%| F|  |TAMS 0x00000006d0b00000, 0x00000006d0b00000| Untracked 
| 240|0x00000006d0c00000, 0x00000006d0c00000, 0x00000006d0d00000|  0%| F|  |TAMS 0x00000006d0c00000, 0x00000006d0c00000| Untracked 
| 241|0x00000006d0d00000, 0x00000006d0d00000, 0x00000006d0e00000|  0%| F|  |TAMS 0x00000006d0d00000, 0x00000006d0d00000| Untracked 
| 242|0x00000006d0e00000, 0x00000006d0e00000, 0x00000006d0f00000|  0%| F|  |TAMS 0x00000006d0e00000, 0x00000006d0e00000| Untracked 
| 243|0x00000006d0f00000, 0x00000006d0f00000, 0x00000006d1000000|  0%| F|  |TAMS 0x00000006d0f00000, 0x00000006d0f00000| Untracked 
| 244|0x00000006d1000000, 0x00000006d1000000, 0x00000006d1100000|  0%| F|  |TAMS 0x00000006d1000000, 0x00000006d1000000| Untracked 
| 245|0x00000006d1100000, 0x00000006d1100000, 0x00000006d1200000|  0%| F|  |TAMS 0x00000006d1100000, 0x00000006d1100000| Untracked 
| 246|0x00000006d1200000, 0x00000006d1200000, 0x00000006d1300000|  0%| F|  |TAMS 0x00000006d1200000, 0x00000006d1200000| Untracked 
| 247|0x00000006d1300000, 0x00000006d1300000, 0x00000006d1400000|  0%| F|  |TAMS 0x00000006d1300000, 0x00000006d1300000| Untracked 
| 248|0x00000006d1400000, 0x00000006d1400000, 0x00000006d1500000|  0%| F|  |TAMS 0x00000006d1400000, 0x00000006d1400000| Untracked 
| 249|0x00000006d1500000, 0x00000006d1500000, 0x00000006d1600000|  0%| F|  |TAMS 0x00000006d1500000, 0x00000006d1500000| Untracked 
| 250|0x00000006d1600000, 0x00000006d1600000, 0x00000006d1700000|  0%| F|  |TAMS 0x00000006d1600000, 0x00000006d1600000| Untracked 
| 251|0x00000006d1700000, 0x00000006d1700000, 0x00000006d1800000|  0%| F|  |TAMS 0x00000006d1700000, 0x00000006d1700000| Untracked 
| 252|0x00000006d1800000, 0x00000006d1800000, 0x00000006d1900000|  0%| F|  |TAMS 0x00000006d1800000, 0x00000006d1800000| Untracked 
| 253|0x00000006d1900000, 0x00000006d1900000, 0x00000006d1a00000|  0%| F|  |TAMS 0x00000006d1900000, 0x00000006d1900000| Untracked 
| 254|0x00000006d1a00000, 0x00000006d1a00000, 0x00000006d1b00000|  0%| F|  |TAMS 0x00000006d1a00000, 0x00000006d1a00000| Untracked 
| 255|0x00000006d1b00000, 0x00000006d1b00000, 0x00000006d1c00000|  0%| F|  |TAMS 0x00000006d1b00000, 0x00000006d1b00000| Untracked 
| 256|0x00000006d1c00000, 0x00000006d1c00000, 0x00000006d1d00000|  0%| F|  |TAMS 0x00000006d1c00000, 0x00000006d1c00000| Untracked 
| 257|0x00000006d1d00000, 0x00000006d1d00000, 0x00000006d1e00000|  0%| F|  |TAMS 0x00000006d1d00000, 0x00000006d1d00000| Untracked 
| 258|0x00000006d1e00000, 0x00000006d1e00000, 0x00000006d1f00000|  0%| F|  |TAMS 0x00000006d1e00000, 0x00000006d1e00000| Untracked 
| 259|0x00000006d1f00000, 0x00000006d1f00000, 0x00000006d2000000|  0%| F|  |TAMS 0x00000006d1f00000, 0x00000006d1f00000| Untracked 
| 260|0x00000006d2000000, 0x00000006d2000000, 0x00000006d2100000|  0%| F|  |TAMS 0x00000006d2000000, 0x00000006d2000000| Untracked 
| 261|0x00000006d2100000, 0x00000006d2100000, 0x00000006d2200000|  0%| F|  |TAMS 0x00000006d2100000, 0x00000006d2100000| Untracked 
| 262|0x00000006d2200000, 0x00000006d2200000, 0x00000006d2300000|  0%| F|  |TAMS 0x00000006d2200000, 0x00000006d2200000| Untracked 
| 263|0x00000006d2300000, 0x00000006d2300000, 0x00000006d2400000|  0%| F|  |TAMS 0x00000006d2300000, 0x00000006d2300000| Untracked 
| 264|0x00000006d2400000, 0x00000006d2400000, 0x00000006d2500000|  0%| F|  |TAMS 0x00000006d2400000, 0x00000006d2400000| Untracked 
| 265|0x00000006d2500000, 0x00000006d2500000, 0x00000006d2600000|  0%| F|  |TAMS 0x00000006d2500000, 0x00000006d2500000| Untracked 
| 266|0x00000006d2600000, 0x00000006d2600000, 0x00000006d2700000|  0%| F|  |TAMS 0x00000006d2600000, 0x00000006d2600000| Untracked 
| 267|0x00000006d2700000, 0x00000006d2700000, 0x00000006d2800000|  0%| F|  |TAMS 0x00000006d2700000, 0x00000006d2700000| Untracked 
| 268|0x00000006d2800000, 0x00000006d2800000, 0x00000006d2900000|  0%| F|  |TAMS 0x00000006d2800000, 0x00000006d2800000| Untracked 
| 269|0x00000006d2900000, 0x00000006d2900000, 0x00000006d2a00000|  0%| F|  |TAMS 0x00000006d2900000, 0x00000006d2900000| Untracked 
| 270|0x00000006d2a00000, 0x00000006d2a00000, 0x00000006d2b00000|  0%| F|  |TAMS 0x00000006d2a00000, 0x00000006d2a00000| Untracked 
| 271|0x00000006d2b00000, 0x00000006d2b00000, 0x00000006d2c00000|  0%| F|  |TAMS 0x00000006d2b00000, 0x00000006d2b00000| Untracked 
| 272|0x00000006d2c00000, 0x00000006d2c00000, 0x00000006d2d00000|  0%| F|  |TAMS 0x00000006d2c00000, 0x00000006d2c00000| Untracked 
| 273|0x00000006d2d00000, 0x00000006d2d00000, 0x00000006d2e00000|  0%| F|  |TAMS 0x00000006d2d00000, 0x00000006d2d00000| Untracked 
| 274|0x00000006d2e00000, 0x00000006d2e00000, 0x00000006d2f00000|  0%| F|  |TAMS 0x00000006d2e00000, 0x00000006d2e00000| Untracked 
| 275|0x00000006d2f00000, 0x00000006d2f00000, 0x00000006d3000000|  0%| F|  |TAMS 0x00000006d2f00000, 0x00000006d2f00000| Untracked 
| 276|0x00000006d3000000, 0x00000006d3000000, 0x00000006d3100000|  0%| F|  |TAMS 0x00000006d3000000, 0x00000006d3000000| Untracked 
| 277|0x00000006d3100000, 0x00000006d3100000, 0x00000006d3200000|  0%| F|  |TAMS 0x00000006d3100000, 0x00000006d3100000| Untracked 
| 278|0x00000006d3200000, 0x00000006d3200000, 0x00000006d3300000|  0%| F|  |TAMS 0x00000006d3200000, 0x00000006d3200000| Untracked 
| 279|0x00000006d3300000, 0x00000006d3300000, 0x00000006d3400000|  0%| F|  |TAMS 0x00000006d3300000, 0x00000006d3300000| Untracked 
| 280|0x00000006d3400000, 0x00000006d3400000, 0x00000006d3500000|  0%| F|  |TAMS 0x00000006d3400000, 0x00000006d3400000| Untracked 
| 281|0x00000006d3500000, 0x00000006d3500000, 0x00000006d3600000|  0%| F|  |TAMS 0x00000006d3500000, 0x00000006d3500000| Untracked 
| 282|0x00000006d3600000, 0x00000006d3600000, 0x00000006d3700000|  0%| F|  |TAMS 0x00000006d3600000, 0x00000006d3600000| Untracked 
| 283|0x00000006d3700000, 0x00000006d3700000, 0x00000006d3800000|  0%| F|  |TAMS 0x00000006d3700000, 0x00000006d3700000| Untracked 
| 284|0x00000006d3800000, 0x00000006d3800000, 0x00000006d3900000|  0%| F|  |TAMS 0x00000006d3800000, 0x00000006d3800000| Untracked 
| 285|0x00000006d3900000, 0x00000006d3900000, 0x00000006d3a00000|  0%| F|  |TAMS 0x00000006d3900000, 0x00000006d3900000| Untracked 
| 286|0x00000006d3a00000, 0x00000006d3a00000, 0x00000006d3b00000|  0%| F|  |TAMS 0x00000006d3a00000, 0x00000006d3a00000| Untracked 
| 287|0x00000006d3b00000, 0x00000006d3b00000, 0x00000006d3c00000|  0%| F|  |TAMS 0x00000006d3b00000, 0x00000006d3b00000| Untracked 
| 288|0x00000006d3c00000, 0x00000006d3c00000, 0x00000006d3d00000|  0%| F|  |TAMS 0x00000006d3c00000, 0x00000006d3c00000| Untracked 
| 289|0x00000006d3d00000, 0x00000006d3d00000, 0x00000006d3e00000|  0%| F|  |TAMS 0x00000006d3d00000, 0x00000006d3d00000| Untracked 
| 290|0x00000006d3e00000, 0x00000006d3e00000, 0x00000006d3f00000|  0%| F|  |TAMS 0x00000006d3e00000, 0x00000006d3e00000| Untracked 
| 291|0x00000006d3f00000, 0x00000006d3f00000, 0x00000006d4000000|  0%| F|  |TAMS 0x00000006d3f00000, 0x00000006d3f00000| Untracked 
| 292|0x00000006d4000000, 0x00000006d4000000, 0x00000006d4100000|  0%| F|  |TAMS 0x00000006d4000000, 0x00000006d4000000| Untracked 
| 293|0x00000006d4100000, 0x00000006d4100000, 0x00000006d4200000|  0%| F|  |TAMS 0x00000006d4100000, 0x00000006d4100000| Untracked 
| 294|0x00000006d4200000, 0x00000006d4200000, 0x00000006d4300000|  0%| F|  |TAMS 0x00000006d4200000, 0x00000006d4200000| Untracked 
| 295|0x00000006d4300000, 0x00000006d4300000, 0x00000006d4400000|  0%| F|  |TAMS 0x00000006d4300000, 0x00000006d4300000| Untracked 
| 296|0x00000006d4400000, 0x00000006d4400000, 0x00000006d4500000|  0%| F|  |TAMS 0x00000006d4400000, 0x00000006d4400000| Untracked 
| 297|0x00000006d4500000, 0x00000006d4500000, 0x00000006d4600000|  0%| F|  |TAMS 0x00000006d4500000, 0x00000006d4500000| Untracked 
| 298|0x00000006d4600000, 0x00000006d4600000, 0x00000006d4700000|  0%| F|  |TAMS 0x00000006d4600000, 0x00000006d4600000| Untracked 
| 299|0x00000006d4700000, 0x00000006d4700000, 0x00000006d4800000|  0%| F|  |TAMS 0x00000006d4700000, 0x00000006d4700000| Untracked 
| 300|0x00000006d4800000, 0x00000006d4800000, 0x00000006d4900000|  0%| F|  |TAMS 0x00000006d4800000, 0x00000006d4800000| Untracked 
| 301|0x00000006d4900000, 0x00000006d4900000, 0x00000006d4a00000|  0%| F|  |TAMS 0x00000006d4900000, 0x00000006d4900000| Untracked 
| 302|0x00000006d4a00000, 0x00000006d4a00000, 0x00000006d4b00000|  0%| F|  |TAMS 0x00000006d4a00000, 0x00000006d4a00000| Untracked 
| 303|0x00000006d4b00000, 0x00000006d4b00000, 0x00000006d4c00000|  0%| F|  |TAMS 0x00000006d4b00000, 0x00000006d4b00000| Untracked 
| 304|0x00000006d4c00000, 0x00000006d4c00000, 0x00000006d4d00000|  0%| F|  |TAMS 0x00000006d4c00000, 0x00000006d4c00000| Untracked 
| 305|0x00000006d4d00000, 0x00000006d4d00000, 0x00000006d4e00000|  0%| F|  |TAMS 0x00000006d4d00000, 0x00000006d4d00000| Untracked 
| 306|0x00000006d4e00000, 0x00000006d4e00000, 0x00000006d4f00000|  0%| F|  |TAMS 0x00000006d4e00000, 0x00000006d4e00000| Untracked 
| 307|0x00000006d4f00000, 0x00000006d4f00000, 0x00000006d5000000|  0%| F|  |TAMS 0x00000006d4f00000, 0x00000006d4f00000| Untracked 
| 308|0x00000006d5000000, 0x00000006d5000000, 0x00000006d5100000|  0%| F|  |TAMS 0x00000006d5000000, 0x00000006d5000000| Untracked 
| 309|0x00000006d5100000, 0x00000006d5100000, 0x00000006d5200000|  0%| F|  |TAMS 0x00000006d5100000, 0x00000006d5100000| Untracked 
| 310|0x00000006d5200000, 0x00000006d5200000, 0x00000006d5300000|  0%| F|  |TAMS 0x00000006d5200000, 0x00000006d5200000| Untracked 
| 311|0x00000006d5300000, 0x00000006d5300000, 0x00000006d5400000|  0%| F|  |TAMS 0x00000006d5300000, 0x00000006d5300000| Untracked 
| 312|0x00000006d5400000, 0x00000006d5400000, 0x00000006d5500000|  0%| F|  |TAMS 0x00000006d5400000, 0x00000006d5400000| Untracked 
| 313|0x00000006d5500000, 0x00000006d5500000, 0x00000006d5600000|  0%| F|  |TAMS 0x00000006d5500000, 0x00000006d5500000| Untracked 
| 314|0x00000006d5600000, 0x00000006d5600000, 0x00000006d5700000|  0%| F|  |TAMS 0x00000006d5600000, 0x00000006d5600000| Untracked 
| 315|0x00000006d5700000, 0x00000006d5700000, 0x00000006d5800000|  0%| F|  |TAMS 0x00000006d5700000, 0x00000006d5700000| Untracked 
| 316|0x00000006d5800000, 0x00000006d5800000, 0x00000006d5900000|  0%| F|  |TAMS 0x00000006d5800000, 0x00000006d5800000| Untracked 
| 317|0x00000006d5900000, 0x00000006d5900000, 0x00000006d5a00000|  0%| F|  |TAMS 0x00000006d5900000, 0x00000006d5900000| Untracked 
| 318|0x00000006d5a00000, 0x00000006d5b00000, 0x00000006d5b00000|100%| E|  |TAMS 0x00000006d5a00000, 0x00000006d5a00000| Complete 
| 319|0x00000006d5b00000, 0x00000006d5c00000, 0x00000006d5c00000|100%| E|CS|TAMS 0x00000006d5b00000, 0x00000006d5b00000| Complete 

Card table byte_map: [0x000002d1cf130000,0x000002d1cfb30000] _byte_map_base: 0x000002d1cbb22000

Marking Bits (Prev, Next): (CMBitMap*) 0x000002d1b4d9afb8, (CMBitMap*) 0x000002d1b4d9aff8
 Prev Bits: [0x000002d1d0530000, 0x000002d1d54c0000)
 Next Bits: [0x000002d1d54c0000, 0x000002d1da450000)

Polling page: 0x000002d1b4bd0000

Metaspace:

Usage:
  Non-class:    549.00 KB capacity,   510.68 KB ( 93%) used,    36.26 KB (  7%) free+waste,     2.06 KB ( <1%) overhead. 
      Class:    398.00 KB capacity,    47.43 KB ( 12%) used,   349.63 KB ( 88%) free+waste,   960 bytes ( <1%) overhead. 
       Both:    947.00 KB capacity,   558.11 KB ( 59%) used,   385.89 KB ( 41%) free+waste,     3.00 KB ( <1%) overhead. 

Virtual space:
  Non-class space:       12.00 MB reserved,     768.00 KB (  6%) committed 
      Class space:        1.00 GB reserved,     512.00 KB ( <1%) committed 
             Both:        1.01 GB reserved,       1.25 MB ( <1%) committed 

Chunk freelists:
   Non-Class:  27.00 KB
       Class:  0 bytes
        Both:  27.00 KB

MaxMetaspaceSize: 17179869184.00 GB
CompressedClassSpaceSize: 1.00 GB

CodeHeap 'non-profiled nmethods': size=120000Kb used=64Kb max_used=64Kb free=119935Kb
 bounds [0x000002d1c67a0000, 0x000002d1c6a10000, 0x000002d1cdcd0000]
CodeHeap 'profiled nmethods': size=120000Kb used=271Kb max_used=271Kb free=119728Kb
 bounds [0x000002d1bf270000, 0x000002d1bf4e0000, 0x000002d1c67a0000]
CodeHeap 'non-nmethods': size=5760Kb used=1109Kb max_used=1123Kb free=4650Kb
 bounds [0x000002d1becd0000, 0x000002d1bef40000, 0x000002d1bf270000]
 total_blobs=577 nmethods=232 adapters=258
 compilation: enabled
              stopped_count=0, restarted_count=0
 full_count=0

Compilation events (20 events):
Event: 0.285 Thread 0x000002d1dd916800  162       3       java.util.HashSet::<init> (16 bytes)
Event: 0.285 Thread 0x000002d1dd916800 nmethod 162 0x000002d1bf29fe90 code [0x000002d1bf2a0060, 0x000002d1bf2a0498]
Event: 0.286 Thread 0x000002d1dd916800  163       1       java.lang.module.ModuleDescriptor::isOpen (5 bytes)
Event: 0.286 Thread 0x000002d1dd916800 nmethod 163 0x000002d1c67ac610 code [0x000002d1c67ac7a0, 0x000002d1c67ac878]
Event: 0.286 Thread 0x000002d1dd916800  164       1       java.lang.module.ResolvedModule::configuration (5 bytes)
Event: 0.287 Thread 0x000002d1dd916800 nmethod 164 0x000002d1c67ac910 code [0x000002d1c67acaa0, 0x000002d1c67acb78]
Event: 0.287 Thread 0x000002d1dd916800  166       3       java.lang.module.ResolvedModule::name (11 bytes)
Event: 0.287 Thread 0x000002d1dd916800 nmethod 166 0x000002d1bf2a0610 code [0x000002d1bf2a07a0, 0x000002d1bf2a0938]
Event: 0.287 Thread 0x000002d1dd916800  165       1       java.util.HashMap::size (5 bytes)
Event: 0.287 Thread 0x000002d1dd916800 nmethod 165 0x000002d1c67acc10 code [0x000002d1c67acda0, 0x000002d1c67ace78]
Event: 0.287 Thread 0x000002d1dd916800  168       3       java.lang.AbstractStringBuilder::isLatin1 (19 bytes)
Event: 0.288 Thread 0x000002d1dd916800 nmethod 168 0x000002d1bf2a0a10 code [0x000002d1bf2a0ba0, 0x000002d1bf2a0d38]
Event: 0.288 Thread 0x000002d1dd916800  169       3       java.util.HashMap$ValueIterator::next (8 bytes)
Event: 0.288 Thread 0x000002d1dd916800 nmethod 169 0x000002d1bf2a0e10 code [0x000002d1bf2a0fc0, 0x000002d1bf2a1128]
Event: 0.289 Thread 0x000002d1dd916800  170       3       jdk.internal.module.ModuleBootstrap$2::hasNext (30 bytes)
Event: 0.289 Thread 0x000002d1dd916800 nmethod 170 0x000002d1bf2a1210 code [0x000002d1bf2a13c0, 0x000002d1bf2a1718]
Event: 0.289 Thread 0x000002d1dd916800  171       3       jdk.internal.module.ModuleBootstrap$2::next (52 bytes)
Event: 0.290 Thread 0x000002d1dd916800 nmethod 171 0x000002d1bf2a1810 code [0x000002d1bf2a1a00, 0x000002d1bf2a1f88]
Event: 0.290 Thread 0x000002d1dd916800  173       1       java.lang.Module::getDescriptor (5 bytes)
Event: 0.290 Thread 0x000002d1dd916800 nmethod 173 0x000002d1c67ad810 code [0x000002d1c67ad9a0, 0x000002d1c67ada78]

GC Heap History (0 events):
No events

Deoptimization events (0 events):
No events

Classes unloaded (0 events):
No events

Classes redefined (0 events):
No events

Internal exceptions (0 events):
No events

Events (20 events):
Event: 0.215 loading class java/lang/invoke/DirectMethodHandle$Interface
Event: 0.215 loading class java/lang/invoke/DirectMethodHandle$Interface done
Event: 0.232 loading class java/lang/module/Resolver
Event: 0.234 loading class java/lang/module/Resolver done
Event: 0.234 loading class java/lang/module/ModuleFinder$1
Event: 0.234 loading class java/lang/module/ModuleFinder$1 done
Event: 0.244 loading class java/util/LinkedHashSet
Event: 0.244 loading class java/util/LinkedHashSet done
Event: 0.245 Executing VM operation: HandshakeAllThreads
Event: 0.245 Executing VM operation: HandshakeAllThreads done
Event: 0.266 Thread 0x000002d1dda57800 Thread added: 0x000002d1dda57800
Event: 0.291 loading class jdk/internal/module/ModuleBootstrap$SafeModuleFinder
Event: 0.291 loading class jdk/internal/module/ModuleBootstrap$SafeModuleFinder done
Event: 0.294 loading class java/lang/InternalError
Event: 0.294 loading class java/lang/InternalError done
Event: 0.294 loading class sun/instrument/InstrumentationImpl
Event: 0.295 loading class java/lang/instrument/Instrumentation
Event: 0.295 loading class java/lang/instrument/Instrumentation done
Event: 0.295 loading class sun/instrument/InstrumentationImpl done
Event: 0.298 Loaded shared library C:\Users\User\.jdks\openjdk-14.0.2\bin\instrument.dll


Dynamic libraries:
0x00007ff62c610000 - 0x00007ff62c61d000 	C:\Users\User\.jdks\openjdk-14.0.2\bin\java.exe
0x00007ff9bfdc0000 - 0x00007ff9bffb0000 	C:\WINDOWS\SYSTEM32\ntdll.dll
0x00007ff9bfc00000 - 0x00007ff9bfcb2000 	C:\WINDOWS\System32\KERNEL32.DLL
0x00007ff9bd840000 - 0x00007ff9bdae5000 	C:\WINDOWS\System32\KERNELBASE.dll
0x00007ff9bdd70000 - 0x00007ff9bde6a000 	C:\WINDOWS\System32\ucrtbase.dll
0x00007ff9b41a0000 - 0x00007ff9b41b5000 	C:\Users\User\.jdks\openjdk-14.0.2\bin\VCRUNTIME140.dll
0x00007ff9b40b0000 - 0x00007ff9b40c8000 	C:\Users\User\.jdks\openjdk-14.0.2\bin\jli.dll
0x00007ff9bedb0000 - 0x00007ff9bef45000 	C:\WINDOWS\System32\USER32.dll
0x00007ff9bcfd0000 - 0x00007ff9bcff1000 	C:\WINDOWS\System32\win32u.dll
0x00007ff9befc0000 - 0x00007ff9befe6000 	C:\WINDOWS\System32\GDI32.dll
0x00007ff9bcd80000 - 0x00007ff9bcf16000 	C:\WINDOWS\System32\gdi32full.dll
0x00007ff9bd000000 - 0x00007ff9bd09e000 	C:\WINDOWS\System32\msvcp_win.dll
0x00007ff9aca70000 - 0x00007ff9accf4000 	C:\WINDOWS\WinSxS\amd64_microsoft.windows.common-controls_6595b64144ccf1df_6.0.18362.1082_none_9e8193e1e45b25c1\COMCTL32.dll
0x00007ff9bed10000 - 0x00007ff9bedae000 	C:\WINDOWS\System32\msvcrt.dll
0x00007ff9be150000 - 0x00007ff9be485000 	C:\WINDOWS\System32\combase.dll
0x00007ff9bf080000 - 0x00007ff9bf1a0000 	C:\WINDOWS\System32\RPCRT4.dll
0x00007ff9bdcf0000 - 0x00007ff9bdd70000 	C:\WINDOWS\System32\bcryptPrimitives.dll
0x00007ff9bf960000 - 0x00007ff9bf98e000 	C:\WINDOWS\System32\IMM32.DLL
0x00007ff999560000 - 0x00007ff9995fb000 	C:\Users\User\.jdks\openjdk-14.0.2\bin\msvcp140.dll
0x00007ff954df0000 - 0x00007ff95590e000 	C:\Users\User\.jdks\openjdk-14.0.2\bin\server\jvm.dll
0x00007ff9bde70000 - 0x00007ff9bdf13000 	C:\WINDOWS\System32\ADVAPI32.dll
0x00007ff9bfb60000 - 0x00007ff9bfbf7000 	C:\WINDOWS\System32\sechost.dll
0x00007ff9bfd70000 - 0x00007ff9bfd78000 	C:\WINDOWS\System32\PSAPI.DLL
0x00007ff9a5160000 - 0x00007ff9a5169000 	C:\WINDOWS\SYSTEM32\WSOCK32.dll
0x00007ff9bef50000 - 0x00007ff9befbf000 	C:\WINDOWS\System32\WS2_32.dll
0x00007ff9b9910000 - 0x00007ff9b9934000 	C:\WINDOWS\SYSTEM32\WINMM.dll
0x00007ff9b73b0000 - 0x00007ff9b73ba000 	C:\WINDOWS\SYSTEM32\VERSION.dll
0x00007ff9b97a0000 - 0x00007ff9b97cd000 	C:\WINDOWS\SYSTEM32\WINMMBASE.dll
0x00007ff9bdb50000 - 0x00007ff9bdb9a000 	C:\WINDOWS\System32\cfgmgr32.dll
0x00007ff9bcd00000 - 0x00007ff9bcd11000 	C:\WINDOWS\System32\kernel.appcore.dll
0x00007ff9b9870000 - 0x00007ff9b987a000 	C:\Users\User\.jdks\openjdk-14.0.2\bin\jimage.dll
0x00007ff9a6b70000 - 0x00007ff9a6d64000 	C:\WINDOWS\SYSTEM32\DBGHELP.DLL
0x00007ff9a5f90000 - 0x00007ff9a5fba000 	C:\WINDOWS\SYSTEM32\dbgcore.DLL
0x00007ff9b4320000 - 0x00007ff9b432e000 	C:\Users\User\.jdks\openjdk-14.0.2\bin\instrument.dll
0x00007ff999870000 - 0x00007ff999895000 	C:\Users\User\.jdks\openjdk-14.0.2\bin\java.dll
0x00007ff9a9700000 - 0x00007ff9a9716000 	C:\Users\User\.jdks\openjdk-14.0.2\bin\zip.dll
0x00007ff9bf270000 - 0x00007ff9bf957000 	C:\WINDOWS\System32\SHELL32.dll
0x00007ff9beb80000 - 0x00007ff9bec29000 	C:\WINDOWS\System32\shcore.dll
0x00007ff9bd0a0000 - 0x00007ff9bd820000 	C:\WINDOWS\System32\windows.storage.dll
0x00007ff9bcd20000 - 0x00007ff9bcd43000 	C:\WINDOWS\System32\profapi.dll
0x00007ff9bcc90000 - 0x00007ff9bccda000 	C:\WINDOWS\System32\powrprof.dll
0x00007ff9bcc80000 - 0x00007ff9bcc90000 	C:\WINDOWS\System32\UMPDC.dll
0x00007ff9beac0000 - 0x00007ff9beb12000 	C:\WINDOWS\System32\shlwapi.dll
0x00007ff9bd820000 - 0x00007ff9bd837000 	C:\WINDOWS\System32\cryptsp.dll
0x00007ff9a9540000 - 0x00007ff9a9559000 	C:\Users\User\.jdks\openjdk-14.0.2\bin\net.dll
0x00007ff9b7d10000 - 0x00007ff9b7e00000 	C:\WINDOWS\SYSTEM32\WINHTTP.dll
0x00007ff9bc4d0000 - 0x00007ff9bc537000 	C:\WINDOWS\system32\mswsock.dll
0x00007ff9997f0000 - 0x00007ff999802000 	C:\Users\User\.jdks\openjdk-14.0.2\bin\nio.dll

dbghelp: loaded successfully - version: 4.0.5 - missing functions: none
symbol engine: initialized successfully - sym options: 0x614 - pdb path: .;C:\Users\User\.jdks\openjdk-14.0.2\bin;C:\WINDOWS\SYSTEM32;C:\WINDOWS\WinSxS\amd64_microsoft.windows.common-controls_6595b64144ccf1df_6.0.18362.1082_none_9e8193e1e45b25c1;C:\Users\User\.jdks\openjdk-14.0.2\bin\server

VM Arguments:
jvm_args: -javaagent:D:\SWEN20003 OOSD\IntelliJ IDEA Community Edition 2020.3.2\lib\idea_rt.jar=50671:D:\SWEN20003 OOSD\IntelliJ IDEA Community Edition 2020.3.2\bin -Dfile.encoding=UTF-8 
java_command: ShadowTreasure
java_class_path (initial): D:\SWEN20003 OOSD\Java Programs\pehnit-project-1\target\classes;C:\Users\User\.m2\repository\io\github\eleanor-em\bagel\1.9.3\bagel-1.9.3.jar;C:\Users\User\.m2\repository\org\lwjgl\lwjgl\3.2.2\lwjgl-3.2.2.jar;C:\Users\User\.m2\repository\org\lwjgl\lwjgl-assimp\3.2.2\lwjgl-assimp-3.2.2.jar;C:\Users\User\.m2\repository\org\lwjgl\lwjgl-glfw\3.2.2\lwjgl-glfw-3.2.2.jar;C:\Users\User\.m2\repository\org\lwjgl\lwjgl-openal\3.2.2\lwjgl-openal-3.2.2.jar;C:\Users\User\.m2\repository\org\lwjgl\lwjgl-opengl\3.2.2\lwjgl-opengl-3.2.2.jar;C:\Users\User\.m2\repository\org\lwjgl\lwjgl-stb\3.2.2\lwjgl-stb-3.2.2.jar;C:\Users\User\.m2\repository\org\lwjgl\lwjgl\3.2.2\lwjgl-3.2.2-natives-windows.jar;C:\Users\User\.m2\repository\org\lwjgl\lwjgl-assimp\3.2.2\lwjgl-assimp-3.2.2-natives-windows.jar;C:\Users\User\.m2\repository\org\lwjgl\lwjgl-glfw\3.2.2\lwjgl-glfw-3.2.2-natives-windows.jar;C:\Users\User\.m2\repository\org\lwjgl\lwjgl-openal\3.2.2\lwjgl-openal-3.2.2-natives-windows.jar;C:\Users\User\.m2\repository\org\lwjgl\lwjgl-opengl\3.2.2\lwjgl-opengl-3.2.2-natives-windows.jar;C:\Users\User\.m2\repository\org\lwjgl\lwjgl-stb\3.2.2\lwjgl-stb-3.2.2-natives-windows.jar
Launcher Type: SUN_STANDARD

[Global flags]
     intx CICompilerCount                          = 4                                         {product} {ergonomic}
     uint ConcGCThreads                            = 2                                         {product} {ergonomic}
     uint G1ConcRefinementThreads                  = 8                                         {product} {ergonomic}
   size_t G1HeapRegionSize                         = 1048576                                   {product} {ergonomic}
    uintx GCDrainStackTargetSize                   = 64                                        {product} {ergonomic}
   size_t InitialHeapSize                          = 335544320                                 {product} {ergonomic}
   size_t MarkStackSize                            = 4194304                                   {product} {ergonomic}
   size_t MaxHeapSize                              = 5339348992                                {product} {ergonomic}
   size_t MaxNewSize                               = 3203399680                                {product} {ergonomic}
   size_t MinHeapDeltaBytes                        = 1048576                                   {product} {ergonomic}
   size_t MinHeapSize                              = 8388608                                   {product} {ergonomic}
    uintx NonNMethodCodeHeapSize                   = 5839372                                {pd product} {ergonomic}
    uintx NonProfiledCodeHeapSize                  = 122909434                              {pd product} {ergonomic}
    uintx ProfiledCodeHeapSize                     = 122909434                              {pd product} {ergonomic}
    uintx ReservedCodeCacheSize                    = 251658240                              {pd product} {ergonomic}
     bool SegmentedCodeCache                       = true                                      {product} {ergonomic}
   size_t SoftMaxHeapSize                          = 5339348992                             {manageable} {ergonomic}
     bool UseCompressedClassPointers               = true                                 {lp64_product} {ergonomic}
     bool UseCompressedOops                        = true                                 {lp64_product} {ergonomic}
     bool UseG1GC                                  = true                                      {product} {ergonomic}
     bool UseLargePagesIndividualAllocation        = false                                  {pd product} {ergonomic}

Logging:
Log output configuration:
 #0: stdout all=warning uptime,level,tags
 #1: stderr all=off uptime,level,tags

Environment Variables:
PATH=C:\Program Files\Common Files\Oracle\Java\javapath;C:\Program Files (x86)\Common Files\Oracle\Java\javapath;C:\ProgramData\Oracle\Java\javapath;C:\Program Files (x86)\Intel\iCLS Client\;C:\Program Files\Intel\iCLS Client\;C:\Windows\system32;C:\Windows;C:\Windows\System32\Wbem;C:\Windows\System32\WindowsPowerShell\v1.0\;C:\Program Files (x86)\NVIDIA Corporation\PhysX\Common;C:\Program Files (x86)\Intel\Intel(R) Management Engine Components\DAL;C:\Program Files\Intel\Intel(R) Management Engine Components\DAL;C:\Program Files (x86)\Intel\Intel(R) Management Engine Components\IPT;C:\Program Files\Intel\Intel(R) Management Engine Components\IPT;C:\Program Files\Intel\WiFi\bin\;C:\Program Files\Common Files\Intel\WirelessCommon\;C:\WINDOWS\system32;C:\WINDOWS;C:\WINDOWS\System32\Wbem;C:\WINDOWS\System32\WindowsPowerShell\v1.0\;C:\Program Files (x86)\Windows Live\Shared;C:\WINDOWS\System32\OpenSSH\;D:\MATLAB\R2019b\bin;D:\Microsoft SQL Server\120\Tools\Binn\;D:\mingw32\bin;D:\jEdit;D:\Git\cmd;D:\Git\bin;C:\Users\User\AppData\Local\Programs\Python\Python38\Scripts\;C:\Users\User\AppData\Local\Programs\Python\Python38\;C:\Users\User\AppData\Local\Programs\Python\Python36\Scripts\;C:\Users\User\AppData\Local\Programs\Python\Python36\;C:\Users\User\AppData\Local\Microsoft\WindowsApps;";D:\mingw32\bin";";D:\msys\1.0\bin";D:\SWEN20003 OOSD\IntelliJ IDEA Community Edition 2020.3.2\bin;;C:\Users\User\AppData\Local\GitHubDesktop\bin
USERNAME=User
OS=Windows_NT
PROCESSOR_IDENTIFIER=Intel64 Family 6 Model 94 Stepping 3, GenuineIntel



---------------  S Y S T E M  ---------------

OS: Windows 10 , 64 bit Build 18362 (10.0.18362.1082)
OS uptime: 0 days 11:16 hours

CPU:total 8 (initial active 8) (4 cores per cpu, 2 threads per core) family 6 model 94 stepping 3, cmov, cx8, fxsr, mmx, sse, sse2, sse3, ssse3, sse4.1, sse4.2, popcnt, avx, avx2, aes, clmul, erms, rtm, 3dnowpref, lzcnt, ht, tsc, tscinvbit, bmi1, bmi2, adx, fma

Memory: 4k page, system-wide physical 20365M (5800M free)
TotalPageFile size 26081M (AvailPageFile size 0M)
current process WorkingSet (physical memory assigned to process): 35M, peak: 35M
current process commit charge ("private bytes"): 413M, peak: 413M

vm_info: OpenJDK 64-Bit Server VM (14.0.2+12-46) for windows-amd64 JRE (14.0.2+12-46), built on Jul  9 2020 00:31:16 by "mach5one" with MS VC++ 15.9 (VS2017)

END.
