#
# There is insufficient memory for the Java Runtime Environment to continue.
# Native memory allocation (mmap) failed to map 335544320 bytes for Failed to commit area from 0x00000006c1c00000 to 0x00000006d5c00000 of length 335544320.
# Possible reasons:
#   The system is out of physical RAM or swap space
#   The process is running with CompressedOops enabled, and the Java Heap may be blocking the growth of the native heap
# Possible solutions:
#   Reduce memory load on the system
#   Increase physical memory or swap space
#   Check if swap backing store is full
#   Decrease Java heap size (-Xmx/-Xms)
#   Decrease number of Java threads
#   Decrease Java thread stack sizes (-Xss)
#   Set larger code cache with -XX:ReservedCodeCacheSize=
#   JVM is running with Zero Based Compressed Oops mode in which the Java heap is
#     placed in the first 32GB address space. The Java Heap base address is the
#     maximum limit for the native heap growth. Please use -XX:HeapBaseMinAddress
#     to set the Java Heap base and to place the Java Heap above 32GB virtual address.
# This output file may be truncated or incomplete.
#
#  Out of Memory Error (./open/src/hotspot/os/windows/os_windows.cpp:3315), pid=20196, tid=27988
#
# JRE version:  (14.0.2+12) (build )
# Java VM: OpenJDK 64-Bit Server VM (14.0.2+12-46, mixed mode, sharing, tiered, compressed oops, g1 gc, windows-amd64)
# No core dump will be written. Minidumps are not enabled by default on client versions of Windows
#

---------------  S U M M A R Y ------------

Command Line: -javaagent:D:\SWEN20003 OOSD\IntelliJ IDEA Community Edition 2020.3.2\lib\idea_rt.jar=49735:D:\SWEN20003 OOSD\IntelliJ IDEA Community Edition 2020.3.2\bin -Dfile.encoding=UTF-8 ShadowTreasure

Host: Intel(R) Core(TM) i7-6700HQ CPU @ 2.60GHz, 8 cores, 19G,  Windows 10 , 64 bit Build 18362 (10.0.18362.1082)
Time: Fri Apr  9 19:36:33 2021 Malay Peninsula Standard Time elapsed time: 0 seconds (0d 0h 0m 0s)

---------------  T H R E A D  ---------------

Current thread (0x00000215fec6f800):  JavaThread "Unknown thread" [_thread_in_vm, id=27988, stack(0x000000a49ac00000,0x000000a49ad00000)]

Stack: [0x000000a49ac00000,0x000000a49ad00000]
Native frames: (J=compiled Java code, j=interpreted, Vv=VM code, C=native code)
V  [jvm.dll+0x5f8a9a]
V  [jvm.dll+0x74247a]
V  [jvm.dll+0x743c2f]
V  [jvm.dll+0x744273]
V  [jvm.dll+0x20d288]
V  [jvm.dll+0x5f5dea]
V  [jvm.dll+0x5eac45]
V  [jvm.dll+0x2c7e9c]
V  [jvm.dll+0x2c7cd2]
V  [jvm.dll+0x2cdbbc]
V  [jvm.dll+0x313fe8]
V  [jvm.dll+0x313710]
V  [jvm.dll+0x2a092a]
V  [jvm.dll+0x2a1a79]
V  [jvm.dll+0x71fd48]
V  [jvm.dll+0x321c14]
V  [jvm.dll+0x70112c]
V  [jvm.dll+0x392def]
V  [jvm.dll+0x394e61]
C  [jli.dll+0x524b]
C  [ucrtbase.dll+0x20e82]
C  [KERNEL32.DLL+0x17bd4]
C  [ntdll.dll+0x6ce51]


---------------  P R O C E S S  ---------------

Threads class SMR info:
_java_thread_list=0x00007ff955873038, length=0, elements={
}

Java Threads: ( => current thread )

Other Threads:
  0x00000215fecea000 GCTaskThread "GC Thread#0" [stack: 0x000000a49ad00000,0x000000a49ae00000] [id=30184]
  0x00000215fed15800 ConcurrentGCThread "G1 Main Marker" [stack: 0x000000a49ae00000,0x000000a49af00000] [id=15188]
  0x00000215fed16800 ConcurrentGCThread "G1 Conc#0" [stack: 0x000000a49af00000,0x000000a49b000000] [id=10876]

[error occurred during error reporting (printing all threads), id 0xc0000005, EXCEPTION_ACCESS_VIOLATION (0xc0000005) at pc=0x00007ff9550a1257]

VM state:not at safepoint (not fully initialized)

VM Mutex/Monitor currently owned by a thread:  ([mutex/lock_event])
[0x00000215fec6bf70] Heap_lock - owner thread: 0x00000215fec6f800

Heap address: 0x00000006c1c00000, size: 5092 MB, Compressed Oops mode: Zero based, Oop shift amount: 3
Narrow klass base: 0x0000000000000000, Narrow klass shift: 0

GC Heap History (0 events):
No events

Deoptimization events (0 events):
No events

Classes unloaded (0 events):
No events

Classes redefined (0 events):
No events

Internal exceptions (0 events):
No events

Events (2 events):
Event: 0.027 Loaded shared library C:\Users\User\.jdks\openjdk-14.0.2\bin\java.dll
Event: 0.028 Loaded shared library C:\Users\User\.jdks\openjdk-14.0.2\bin\zip.dll


Dynamic libraries:
0x00007ff62c610000 - 0x00007ff62c61d000 	C:\Users\User\.jdks\openjdk-14.0.2\bin\java.exe
0x00007ff9bfdc0000 - 0x00007ff9bffb0000 	C:\WINDOWS\SYSTEM32\ntdll.dll
0x00007ff9bfc00000 - 0x00007ff9bfcb2000 	C:\WINDOWS\System32\KERNEL32.DLL
0x00007ff9bd840000 - 0x00007ff9bdae5000 	C:\WINDOWS\System32\KERNELBASE.dll
0x00007ff9bdd70000 - 0x00007ff9bde6a000 	C:\WINDOWS\System32\ucrtbase.dll
0x00007ff9b41a0000 - 0x00007ff9b41b5000 	C:\Users\User\.jdks\openjdk-14.0.2\bin\VCRUNTIME140.dll
0x00007ff9b40b0000 - 0x00007ff9b40c8000 	C:\Users\User\.jdks\openjdk-14.0.2\bin\jli.dll
0x00007ff9bedb0000 - 0x00007ff9bef45000 	C:\WINDOWS\System32\USER32.dll
0x00007ff9bcfd0000 - 0x00007ff9bcff1000 	C:\WINDOWS\System32\win32u.dll
0x00007ff9aca70000 - 0x00007ff9accf4000 	C:\WINDOWS\WinSxS\amd64_microsoft.windows.common-controls_6595b64144ccf1df_6.0.18362.1082_none_9e8193e1e45b25c1\COMCTL32.dll
0x00007ff9befc0000 - 0x00007ff9befe6000 	C:\WINDOWS\System32\GDI32.dll
0x00007ff9bed10000 - 0x00007ff9bedae000 	C:\WINDOWS\System32\msvcrt.dll
0x00007ff9bcd80000 - 0x00007ff9bcf16000 	C:\WINDOWS\System32\gdi32full.dll
0x00007ff9be150000 - 0x00007ff9be485000 	C:\WINDOWS\System32\combase.dll
0x00007ff9bd000000 - 0x00007ff9bd09e000 	C:\WINDOWS\System32\msvcp_win.dll
0x00007ff9bf080000 - 0x00007ff9bf1a0000 	C:\WINDOWS\System32\RPCRT4.dll
0x00007ff9bdcf0000 - 0x00007ff9bdd70000 	C:\WINDOWS\System32\bcryptPrimitives.dll
0x00007ff9bf960000 - 0x00007ff9bf98e000 	C:\WINDOWS\System32\IMM32.DLL
0x00007ff999860000 - 0x00007ff9998fb000 	C:\Users\User\.jdks\openjdk-14.0.2\bin\msvcp140.dll
0x00007ff954df0000 - 0x00007ff95590e000 	C:\Users\User\.jdks\openjdk-14.0.2\bin\server\jvm.dll
0x00007ff9bde70000 - 0x00007ff9bdf13000 	C:\WINDOWS\System32\ADVAPI32.dll
0x00007ff9bfb60000 - 0x00007ff9bfbf7000 	C:\WINDOWS\System32\sechost.dll
0x00007ff9bfd70000 - 0x00007ff9bfd78000 	C:\WINDOWS\System32\PSAPI.DLL
0x00007ff9a5160000 - 0x00007ff9a5169000 	C:\WINDOWS\SYSTEM32\WSOCK32.dll
0x00007ff9bef50000 - 0x00007ff9befbf000 	C:\WINDOWS\System32\WS2_32.dll
0x00007ff9b9910000 - 0x00007ff9b9934000 	C:\WINDOWS\SYSTEM32\WINMM.dll
0x00007ff9b73b0000 - 0x00007ff9b73ba000 	C:\WINDOWS\SYSTEM32\VERSION.dll
0x00007ff9b97a0000 - 0x00007ff9b97cd000 	C:\WINDOWS\SYSTEM32\WINMMBASE.dll
0x00007ff9bdb50000 - 0x00007ff9bdb9a000 	C:\WINDOWS\System32\cfgmgr32.dll
0x00007ff9bcd00000 - 0x00007ff9bcd11000 	C:\WINDOWS\System32\kernel.appcore.dll
0x00007ff9b9870000 - 0x00007ff9b987a000 	C:\Users\User\.jdks\openjdk-14.0.2\bin\jimage.dll
0x00007ff9a6b70000 - 0x00007ff9a6d64000 	C:\WINDOWS\SYSTEM32\DBGHELP.DLL
0x00007ff9a5f90000 - 0x00007ff9a5fba000 	C:\WINDOWS\SYSTEM32\dbgcore.DLL
0x00007ff9b4320000 - 0x00007ff9b432e000 	C:\Users\User\.jdks\openjdk-14.0.2\bin\instrument.dll
0x00007ff9997e0000 - 0x00007ff999805000 	C:\Users\User\.jdks\openjdk-14.0.2\bin\java.dll
0x00007ff9a9700000 - 0x00007ff9a9716000 	C:\Users\User\.jdks\openjdk-14.0.2\bin\zip.dll

dbghelp: loaded successfully - version: 4.0.5 - missing functions: none
symbol engine: initialized successfully - sym options: 0x614 - pdb path: .;C:\Users\User\.jdks\openjdk-14.0.2\bin;C:\WINDOWS\SYSTEM32;C:\WINDOWS\WinSxS\amd64_microsoft.windows.common-controls_6595b64144ccf1df_6.0.18362.1082_none_9e8193e1e45b25c1;C:\Users\User\.jdks\openjdk-14.0.2\bin\server

VM Arguments:
jvm_args: -javaagent:D:\SWEN20003 OOSD\IntelliJ IDEA Community Edition 2020.3.2\lib\idea_rt.jar=49735:D:\SWEN20003 OOSD\IntelliJ IDEA Community Edition 2020.3.2\bin -Dfile.encoding=UTF-8 
java_command: ShadowTreasure
java_class_path (initial): D:\SWEN20003 OOSD\Java Programs\pehnit-project-1\target\classes;C:\Users\User\.m2\repository\io\github\eleanor-em\bagel\1.9.3\bagel-1.9.3.jar;C:\Users\User\.m2\repository\org\lwjgl\lwjgl\3.2.2\lwjgl-3.2.2.jar;C:\Users\User\.m2\repository\org\lwjgl\lwjgl-assimp\3.2.2\lwjgl-assimp-3.2.2.jar;C:\Users\User\.m2\repository\org\lwjgl\lwjgl-glfw\3.2.2\lwjgl-glfw-3.2.2.jar;C:\Users\User\.m2\repository\org\lwjgl\lwjgl-openal\3.2.2\lwjgl-openal-3.2.2.jar;C:\Users\User\.m2\repository\org\lwjgl\lwjgl-opengl\3.2.2\lwjgl-opengl-3.2.2.jar;C:\Users\User\.m2\repository\org\lwjgl\lwjgl-stb\3.2.2\lwjgl-stb-3.2.2.jar;C:\Users\User\.m2\repository\org\lwjgl\lwjgl\3.2.2\lwjgl-3.2.2-natives-windows.jar;C:\Users\User\.m2\repository\org\lwjgl\lwjgl-assimp\3.2.2\lwjgl-assimp-3.2.2-natives-windows.jar;C:\Users\User\.m2\repository\org\lwjgl\lwjgl-glfw\3.2.2\lwjgl-glfw-3.2.2-natives-windows.jar;C:\Users\User\.m2\repository\org\lwjgl\lwjgl-openal\3.2.2\lwjgl-openal-3.2.2-natives-windows.jar;C:\Users\User\.m2\repository\org\lwjgl\lwjgl-opengl\3.2.2\lwjgl-opengl-3.2.2-natives-windows.jar;C:\Users\User\.m2\repository\org\lwjgl\lwjgl-stb\3.2.2\lwjgl-stb-3.2.2-natives-windows.jar
Launcher Type: SUN_STANDARD

[Global flags]
     intx CICompilerCount                          = 4                                         {product} {ergonomic}
     uint ConcGCThreads                            = 2                                         {product} {ergonomic}
     uint G1ConcRefinementThreads                  = 8                                         {product} {ergonomic}
   size_t G1HeapRegionSize                         = 1048576                                   {product} {ergonomic}
    uintx GCDrainStackTargetSize                   = 64                                        {product} {ergonomic}
   size_t InitialHeapSize                          = 335544320                                 {product} {ergonomic}
   size_t MarkStackSize                            = 4194304                                   {product} {ergonomic}
   size_t MaxHeapSize                              = 5339348992                                {product} {ergonomic}
   size_t MinHeapDeltaBytes                        = 1048576                                   {product} {ergonomic}
   size_t MinHeapSize                              = 8388608                                   {product} {ergonomic}
    uintx NonNMethodCodeHeapSize                   = 5839372                                {pd product} {ergonomic}
    uintx NonProfiledCodeHeapSize                  = 122909434                              {pd product} {ergonomic}
    uintx ProfiledCodeHeapSize                     = 122909434                              {pd product} {ergonomic}
    uintx ReservedCodeCacheSize                    = 251658240                              {pd product} {ergonomic}
     bool SegmentedCodeCache                       = true                                      {product} {ergonomic}
   size_t SoftMaxHeapSize                          = 5339348992                             {manageable} {ergonomic}
     bool UseCompressedClassPointers               = true                                 {lp64_product} {ergonomic}
     bool UseCompressedOops                        = true                                 {lp64_product} {ergonomic}
     bool UseG1GC                                  = true                                      {product} {ergonomic}
     bool UseLargePagesIndividualAllocation        = false                                  {pd product} {ergonomic}

Logging:
Log output configuration:
 #0: stdout all=warning uptime,level,tags
 #1: stderr all=off uptime,level,tags

Environment Variables:
PATH=C:\Program Files\Common Files\Oracle\Java\javapath;C:\Program Files (x86)\Common Files\Oracle\Java\javapath;C:\ProgramData\Oracle\Java\javapath;C:\Program Files (x86)\Intel\iCLS Client\;C:\Program Files\Intel\iCLS Client\;C:\Windows\system32;C:\Windows;C:\Windows\System32\Wbem;C:\Windows\System32\WindowsPowerShell\v1.0\;C:\Program Files (x86)\NVIDIA Corporation\PhysX\Common;C:\Program Files (x86)\Intel\Intel(R) Management Engine Components\DAL;C:\Program Files\Intel\Intel(R) Management Engine Components\DAL;C:\Program Files (x86)\Intel\Intel(R) Management Engine Components\IPT;C:\Program Files\Intel\Intel(R) Management Engine Components\IPT;C:\Program Files\Intel\WiFi\bin\;C:\Program Files\Common Files\Intel\WirelessCommon\;C:\WINDOWS\system32;C:\WINDOWS;C:\WINDOWS\System32\Wbem;C:\WINDOWS\System32\WindowsPowerShell\v1.0\;C:\Program Files (x86)\Windows Live\Shared;C:\WINDOWS\System32\OpenSSH\;D:\MATLAB\R2019b\bin;D:\Microsoft SQL Server\120\Tools\Binn\;D:\mingw32\bin;D:\jEdit;D:\Git\cmd;D:\Git\bin;C:\Users\User\AppData\Local\Programs\Python\Python38\Scripts\;C:\Users\User\AppData\Local\Programs\Python\Python38\;C:\Users\User\AppData\Local\Programs\Python\Python36\Scripts\;C:\Users\User\AppData\Local\Programs\Python\Python36\;C:\Users\User\AppData\Local\Microsoft\WindowsApps;";D:\mingw32\bin";";D:\msys\1.0\bin";D:\SWEN20003 OOSD\IntelliJ IDEA Community Edition 2020.3.2\bin;;C:\Users\User\AppData\Local\GitHubDesktop\bin
USERNAME=User
OS=Windows_NT
PROCESSOR_IDENTIFIER=Intel64 Family 6 Model 94 Stepping 3, GenuineIntel



---------------  S Y S T E M  ---------------

OS: Windows 10 , 64 bit Build 18362 (10.0.18362.1082)
OS uptime: 0 days 11:11 hours

CPU:total 8 (initial active 8) (4 cores per cpu, 2 threads per core) family 6 model 94 stepping 3, cmov, cx8, fxsr, mmx, sse, sse2, sse3, ssse3, sse4.1, sse4.2, popcnt, avx, avx2, aes, clmul, erms, rtm, 3dnowpref, lzcnt, ht, tsc, tscinvbit, bmi1, bmi2, adx, fma

Memory: 4k page, system-wide physical 20365M (5682M free)
TotalPageFile size 26081M (AvailPageFile size 320M)
current process WorkingSet (physical memory assigned to process): 10M, peak: 10M
current process commit charge ("private bytes"): 61M, peak: 381M

vm_info: OpenJDK 64-Bit Server VM (14.0.2+12-46) for windows-amd64 JRE (14.0.2+12-46), built on Jul  9 2020 00:31:16 by "mach5one" with MS VC++ 15.9 (VS2017)

END.
